mode: set
github.com/iov-one/blog-tutorial/x/custom/bucket.go:12.46,17.2 2 1
github.com/iov-one/blog-tutorial/x/custom/bucket.go:23.36,28.2 2 1
github.com/iov-one/blog-tutorial/x/custom/codec.pb.go:47.41,49.2 1 0
github.com/iov-one/blog-tutorial/x/custom/codec.pb.go:51.56,53.2 1 0
github.com/iov-one/blog-tutorial/x/custom/codec.pb.go:60.38,60.59 1 0
github.com/iov-one/blog-tutorial/x/custom/codec.pb.go:61.38,61.75 1 0
github.com/iov-one/blog-tutorial/x/custom/codec.pb.go:62.39,62.40 0 0
github.com/iov-one/blog-tutorial/x/custom/codec.pb.go:63.49,65.2 1 0
github.com/iov-one/blog-tutorial/x/custom/codec.pb.go:66.52,68.2 1 0
github.com/iov-one/blog-tutorial/x/custom/codec.pb.go:69.80,70.19 1 0
github.com/iov-one/blog-tutorial/x/custom/codec.pb.go:70.19,72.3 1 0
github.com/iov-one/blog-tutorial/x/custom/codec.pb.go:72.8,75.17 3 0
github.com/iov-one/blog-tutorial/x/custom/codec.pb.go:78.3,78.20 1 0
github.com/iov-one/blog-tutorial/x/custom/codec.pb.go:75.17,77.4 1 0
github.com/iov-one/blog-tutorial/x/custom/codec.pb.go:81.51,83.2 1 0
github.com/iov-one/blog-tutorial/x/custom/codec.pb.go:84.37,86.2 1 0
github.com/iov-one/blog-tutorial/x/custom/codec.pb.go:87.43,89.2 1 0
github.com/iov-one/blog-tutorial/x/custom/codec.pb.go:93.37,94.14 1 0
github.com/iov-one/blog-tutorial/x/custom/codec.pb.go:97.2,97.10 1 0
github.com/iov-one/blog-tutorial/x/custom/codec.pb.go:94.14,96.3 1 0
github.com/iov-one/blog-tutorial/x/custom/codec.pb.go:100.37,101.14 1 0
github.com/iov-one/blog-tutorial/x/custom/codec.pb.go:104.2,104.10 1 0
github.com/iov-one/blog-tutorial/x/custom/codec.pb.go:101.14,103.3 1 0
github.com/iov-one/blog-tutorial/x/custom/codec.pb.go:117.38,117.59 1 0
github.com/iov-one/blog-tutorial/x/custom/codec.pb.go:118.38,118.75 1 0
github.com/iov-one/blog-tutorial/x/custom/codec.pb.go:119.39,119.40 0 0
github.com/iov-one/blog-tutorial/x/custom/codec.pb.go:120.49,122.2 1 0
github.com/iov-one/blog-tutorial/x/custom/codec.pb.go:123.52,125.2 1 0
github.com/iov-one/blog-tutorial/x/custom/codec.pb.go:126.80,127.19 1 0
github.com/iov-one/blog-tutorial/x/custom/codec.pb.go:127.19,129.3 1 0
github.com/iov-one/blog-tutorial/x/custom/codec.pb.go:129.8,132.17 3 0
github.com/iov-one/blog-tutorial/x/custom/codec.pb.go:135.3,135.20 1 0
github.com/iov-one/blog-tutorial/x/custom/codec.pb.go:132.17,134.4 1 0
github.com/iov-one/blog-tutorial/x/custom/codec.pb.go:138.51,140.2 1 0
github.com/iov-one/blog-tutorial/x/custom/codec.pb.go:141.37,143.2 1 0
github.com/iov-one/blog-tutorial/x/custom/codec.pb.go:144.43,146.2 1 0
github.com/iov-one/blog-tutorial/x/custom/codec.pb.go:150.52,151.14 1 1
github.com/iov-one/blog-tutorial/x/custom/codec.pb.go:154.2,154.12 1 0
github.com/iov-one/blog-tutorial/x/custom/codec.pb.go:151.14,153.3 1 1
github.com/iov-one/blog-tutorial/x/custom/codec.pb.go:157.57,158.14 1 0
github.com/iov-one/blog-tutorial/x/custom/codec.pb.go:161.2,161.31 1 0
github.com/iov-one/blog-tutorial/x/custom/codec.pb.go:158.14,160.3 1 0
github.com/iov-one/blog-tutorial/x/custom/codec.pb.go:164.38,165.14 1 0
github.com/iov-one/blog-tutorial/x/custom/codec.pb.go:168.2,168.11 1 0
github.com/iov-one/blog-tutorial/x/custom/codec.pb.go:165.14,167.3 1 0
github.com/iov-one/blog-tutorial/x/custom/codec.pb.go:171.39,172.14 1 0
github.com/iov-one/blog-tutorial/x/custom/codec.pb.go:175.2,175.12 1 0
github.com/iov-one/blog-tutorial/x/custom/codec.pb.go:172.14,174.3 1 0
github.com/iov-one/blog-tutorial/x/custom/codec.pb.go:178.70,179.14 1 0
github.com/iov-one/blog-tutorial/x/custom/codec.pb.go:182.2,182.10 1 0
github.com/iov-one/blog-tutorial/x/custom/codec.pb.go:179.14,181.3 1 0
github.com/iov-one/blog-tutorial/x/custom/codec.pb.go:193.33,193.49 1 0
github.com/iov-one/blog-tutorial/x/custom/codec.pb.go:194.33,194.70 1 0
github.com/iov-one/blog-tutorial/x/custom/codec.pb.go:195.34,195.35 0 0
github.com/iov-one/blog-tutorial/x/custom/codec.pb.go:196.44,198.2 1 0
github.com/iov-one/blog-tutorial/x/custom/codec.pb.go:199.47,201.2 1 0
github.com/iov-one/blog-tutorial/x/custom/codec.pb.go:202.75,203.19 1 0
github.com/iov-one/blog-tutorial/x/custom/codec.pb.go:203.19,205.3 1 0
github.com/iov-one/blog-tutorial/x/custom/codec.pb.go:205.8,208.17 3 0
github.com/iov-one/blog-tutorial/x/custom/codec.pb.go:211.3,211.20 1 0
github.com/iov-one/blog-tutorial/x/custom/codec.pb.go:208.17,210.4 1 0
github.com/iov-one/blog-tutorial/x/custom/codec.pb.go:214.46,216.2 1 0
github.com/iov-one/blog-tutorial/x/custom/codec.pb.go:217.32,219.2 1 0
github.com/iov-one/blog-tutorial/x/custom/codec.pb.go:220.38,222.2 1 0
github.com/iov-one/blog-tutorial/x/custom/codec.pb.go:226.47,227.14 1 1
github.com/iov-one/blog-tutorial/x/custom/codec.pb.go:230.2,230.12 1 0
github.com/iov-one/blog-tutorial/x/custom/codec.pb.go:227.14,229.3 1 1
github.com/iov-one/blog-tutorial/x/custom/codec.pb.go:233.45,234.14 1 0
github.com/iov-one/blog-tutorial/x/custom/codec.pb.go:237.2,237.12 1 0
github.com/iov-one/blog-tutorial/x/custom/codec.pb.go:234.14,236.3 1 0
github.com/iov-one/blog-tutorial/x/custom/codec.pb.go:240.63,241.14 1 0
github.com/iov-one/blog-tutorial/x/custom/codec.pb.go:244.2,244.12 1 0
github.com/iov-one/blog-tutorial/x/custom/codec.pb.go:241.14,243.3 1 0
github.com/iov-one/blog-tutorial/x/custom/codec.pb.go:247.66,248.14 1 0
github.com/iov-one/blog-tutorial/x/custom/codec.pb.go:251.2,251.10 1 0
github.com/iov-one/blog-tutorial/x/custom/codec.pb.go:248.14,250.3 1 0
github.com/iov-one/blog-tutorial/x/custom/codec.pb.go:264.47,264.77 1 0
github.com/iov-one/blog-tutorial/x/custom/codec.pb.go:265.47,265.84 1 0
github.com/iov-one/blog-tutorial/x/custom/codec.pb.go:266.48,266.49 0 0
github.com/iov-one/blog-tutorial/x/custom/codec.pb.go:267.58,269.2 1 0
github.com/iov-one/blog-tutorial/x/custom/codec.pb.go:270.61,272.2 1 0
github.com/iov-one/blog-tutorial/x/custom/codec.pb.go:273.89,274.19 1 0
github.com/iov-one/blog-tutorial/x/custom/codec.pb.go:274.19,276.3 1 0
github.com/iov-one/blog-tutorial/x/custom/codec.pb.go:276.8,279.17 3 0
github.com/iov-one/blog-tutorial/x/custom/codec.pb.go:282.3,282.20 1 0
github.com/iov-one/blog-tutorial/x/custom/codec.pb.go:279.17,281.4 1 0
github.com/iov-one/blog-tutorial/x/custom/codec.pb.go:285.60,287.2 1 0
github.com/iov-one/blog-tutorial/x/custom/codec.pb.go:288.46,290.2 1 0
github.com/iov-one/blog-tutorial/x/custom/codec.pb.go:291.52,293.2 1 0
github.com/iov-one/blog-tutorial/x/custom/codec.pb.go:297.61,298.14 1 1
github.com/iov-one/blog-tutorial/x/custom/codec.pb.go:301.2,301.12 1 0
github.com/iov-one/blog-tutorial/x/custom/codec.pb.go:298.14,300.3 1 1
github.com/iov-one/blog-tutorial/x/custom/codec.pb.go:304.66,305.14 1 0
github.com/iov-one/blog-tutorial/x/custom/codec.pb.go:308.2,308.31 1 0
github.com/iov-one/blog-tutorial/x/custom/codec.pb.go:305.14,307.3 1 0
github.com/iov-one/blog-tutorial/x/custom/codec.pb.go:311.47,312.14 1 0
github.com/iov-one/blog-tutorial/x/custom/codec.pb.go:315.2,315.11 1 0
github.com/iov-one/blog-tutorial/x/custom/codec.pb.go:312.14,314.3 1 0
github.com/iov-one/blog-tutorial/x/custom/codec.pb.go:318.48,319.14 1 0
github.com/iov-one/blog-tutorial/x/custom/codec.pb.go:322.2,322.12 1 0
github.com/iov-one/blog-tutorial/x/custom/codec.pb.go:319.14,321.3 1 0
github.com/iov-one/blog-tutorial/x/custom/codec.pb.go:325.79,326.14 1 0
github.com/iov-one/blog-tutorial/x/custom/codec.pb.go:329.2,329.10 1 0
github.com/iov-one/blog-tutorial/x/custom/codec.pb.go:326.14,328.3 1 0
github.com/iov-one/blog-tutorial/x/custom/codec.pb.go:337.47,337.77 1 0
github.com/iov-one/blog-tutorial/x/custom/codec.pb.go:338.47,338.84 1 0
github.com/iov-one/blog-tutorial/x/custom/codec.pb.go:339.48,339.49 0 0
github.com/iov-one/blog-tutorial/x/custom/codec.pb.go:340.58,342.2 1 0
github.com/iov-one/blog-tutorial/x/custom/codec.pb.go:343.61,345.2 1 0
github.com/iov-one/blog-tutorial/x/custom/codec.pb.go:346.89,347.19 1 0
github.com/iov-one/blog-tutorial/x/custom/codec.pb.go:347.19,349.3 1 0
github.com/iov-one/blog-tutorial/x/custom/codec.pb.go:349.8,352.17 3 0
github.com/iov-one/blog-tutorial/x/custom/codec.pb.go:355.3,355.20 1 0
github.com/iov-one/blog-tutorial/x/custom/codec.pb.go:352.17,354.4 1 0
github.com/iov-one/blog-tutorial/x/custom/codec.pb.go:358.60,360.2 1 0
github.com/iov-one/blog-tutorial/x/custom/codec.pb.go:361.46,363.2 1 0
github.com/iov-one/blog-tutorial/x/custom/codec.pb.go:364.52,366.2 1 0
github.com/iov-one/blog-tutorial/x/custom/codec.pb.go:370.61,371.14 1 0
github.com/iov-one/blog-tutorial/x/custom/codec.pb.go:374.2,374.12 1 0
github.com/iov-one/blog-tutorial/x/custom/codec.pb.go:371.14,373.3 1 0
github.com/iov-one/blog-tutorial/x/custom/codec.pb.go:377.56,378.14 1 0
github.com/iov-one/blog-tutorial/x/custom/codec.pb.go:381.2,381.12 1 0
github.com/iov-one/blog-tutorial/x/custom/codec.pb.go:378.14,380.3 1 0
github.com/iov-one/blog-tutorial/x/custom/codec.pb.go:390.42,390.67 1 0
github.com/iov-one/blog-tutorial/x/custom/codec.pb.go:391.42,391.79 1 0
github.com/iov-one/blog-tutorial/x/custom/codec.pb.go:392.43,392.44 0 0
github.com/iov-one/blog-tutorial/x/custom/codec.pb.go:393.53,395.2 1 0
github.com/iov-one/blog-tutorial/x/custom/codec.pb.go:396.56,398.2 1 0
github.com/iov-one/blog-tutorial/x/custom/codec.pb.go:399.84,400.19 1 0
github.com/iov-one/blog-tutorial/x/custom/codec.pb.go:400.19,402.3 1 0
github.com/iov-one/blog-tutorial/x/custom/codec.pb.go:402.8,405.17 3 0
github.com/iov-one/blog-tutorial/x/custom/codec.pb.go:408.3,408.20 1 0
github.com/iov-one/blog-tutorial/x/custom/codec.pb.go:405.17,407.4 1 0
github.com/iov-one/blog-tutorial/x/custom/codec.pb.go:411.55,413.2 1 0
github.com/iov-one/blog-tutorial/x/custom/codec.pb.go:414.41,416.2 1 0
github.com/iov-one/blog-tutorial/x/custom/codec.pb.go:417.47,419.2 1 0
github.com/iov-one/blog-tutorial/x/custom/codec.pb.go:423.56,424.14 1 0
github.com/iov-one/blog-tutorial/x/custom/codec.pb.go:427.2,427.12 1 0
github.com/iov-one/blog-tutorial/x/custom/codec.pb.go:424.14,426.3 1 0
github.com/iov-one/blog-tutorial/x/custom/codec.pb.go:430.54,431.14 1 0
github.com/iov-one/blog-tutorial/x/custom/codec.pb.go:434.2,434.12 1 0
github.com/iov-one/blog-tutorial/x/custom/codec.pb.go:431.14,433.3 1 0
github.com/iov-one/blog-tutorial/x/custom/codec.pb.go:437.72,438.14 1 0
github.com/iov-one/blog-tutorial/x/custom/codec.pb.go:441.2,441.12 1 0
github.com/iov-one/blog-tutorial/x/custom/codec.pb.go:438.14,440.3 1 0
github.com/iov-one/blog-tutorial/x/custom/codec.pb.go:444.13,452.2 7 1
github.com/iov-one/blog-tutorial/x/custom/codec.pb.go:454.13,454.92 1 1
github.com/iov-one/blog-tutorial/x/custom/codec.pb.go:493.57,497.16 4 0
github.com/iov-one/blog-tutorial/x/custom/codec.pb.go:500.2,500.22 1 0
github.com/iov-one/blog-tutorial/x/custom/codec.pb.go:497.16,499.3 1 0
github.com/iov-one/blog-tutorial/x/custom/codec.pb.go:503.58,508.16 5 1
github.com/iov-one/blog-tutorial/x/custom/codec.pb.go:513.2,513.16 1 1
github.com/iov-one/blog-tutorial/x/custom/codec.pb.go:518.2,518.15 1 1
github.com/iov-one/blog-tutorial/x/custom/codec.pb.go:508.16,512.3 3 1
github.com/iov-one/blog-tutorial/x/custom/codec.pb.go:513.16,517.3 3 1
github.com/iov-one/blog-tutorial/x/custom/codec.pb.go:521.57,525.16 4 1
github.com/iov-one/blog-tutorial/x/custom/codec.pb.go:528.2,528.22 1 1
github.com/iov-one/blog-tutorial/x/custom/codec.pb.go:525.16,527.3 1 0
github.com/iov-one/blog-tutorial/x/custom/codec.pb.go:531.58,536.23 5 1
github.com/iov-one/blog-tutorial/x/custom/codec.pb.go:546.2,546.27 1 1
github.com/iov-one/blog-tutorial/x/custom/codec.pb.go:551.2,551.20 1 1
github.com/iov-one/blog-tutorial/x/custom/codec.pb.go:557.2,557.21 1 1
github.com/iov-one/blog-tutorial/x/custom/codec.pb.go:563.2,563.21 1 1
github.com/iov-one/blog-tutorial/x/custom/codec.pb.go:568.2,568.15 1 1
github.com/iov-one/blog-tutorial/x/custom/codec.pb.go:536.23,541.17 5 1
github.com/iov-one/blog-tutorial/x/custom/codec.pb.go:544.3,544.10 1 1
github.com/iov-one/blog-tutorial/x/custom/codec.pb.go:541.17,543.4 1 0
github.com/iov-one/blog-tutorial/x/custom/codec.pb.go:546.27,550.3 3 1
github.com/iov-one/blog-tutorial/x/custom/codec.pb.go:551.20,556.3 4 1
github.com/iov-one/blog-tutorial/x/custom/codec.pb.go:557.21,562.3 4 1
github.com/iov-one/blog-tutorial/x/custom/codec.pb.go:563.21,567.3 3 1
github.com/iov-one/blog-tutorial/x/custom/codec.pb.go:571.52,575.16 4 1
github.com/iov-one/blog-tutorial/x/custom/codec.pb.go:578.2,578.22 1 1
github.com/iov-one/blog-tutorial/x/custom/codec.pb.go:575.16,577.3 1 0
github.com/iov-one/blog-tutorial/x/custom/codec.pb.go:581.53,586.23 5 1
github.com/iov-one/blog-tutorial/x/custom/codec.pb.go:596.2,596.25 1 1
github.com/iov-one/blog-tutorial/x/custom/codec.pb.go:606.2,606.24 1 1
github.com/iov-one/blog-tutorial/x/custom/codec.pb.go:612.2,612.22 1 1
github.com/iov-one/blog-tutorial/x/custom/codec.pb.go:617.2,617.15 1 1
github.com/iov-one/blog-tutorial/x/custom/codec.pb.go:586.23,591.17 5 1
github.com/iov-one/blog-tutorial/x/custom/codec.pb.go:594.3,594.10 1 1
github.com/iov-one/blog-tutorial/x/custom/codec.pb.go:591.17,593.4 1 0
github.com/iov-one/blog-tutorial/x/custom/codec.pb.go:596.25,601.17 5 1
github.com/iov-one/blog-tutorial/x/custom/codec.pb.go:604.3,604.10 1 1
github.com/iov-one/blog-tutorial/x/custom/codec.pb.go:601.17,603.4 1 0
github.com/iov-one/blog-tutorial/x/custom/codec.pb.go:606.24,611.3 4 1
github.com/iov-one/blog-tutorial/x/custom/codec.pb.go:612.22,616.3 3 1
github.com/iov-one/blog-tutorial/x/custom/codec.pb.go:620.66,624.16 4 0
github.com/iov-one/blog-tutorial/x/custom/codec.pb.go:627.2,627.22 1 0
github.com/iov-one/blog-tutorial/x/custom/codec.pb.go:624.16,626.3 1 0
github.com/iov-one/blog-tutorial/x/custom/codec.pb.go:630.67,635.23 5 0
github.com/iov-one/blog-tutorial/x/custom/codec.pb.go:645.2,645.27 1 0
github.com/iov-one/blog-tutorial/x/custom/codec.pb.go:650.2,650.20 1 0
github.com/iov-one/blog-tutorial/x/custom/codec.pb.go:656.2,656.21 1 0
github.com/iov-one/blog-tutorial/x/custom/codec.pb.go:662.2,662.21 1 0
github.com/iov-one/blog-tutorial/x/custom/codec.pb.go:667.2,667.15 1 0
github.com/iov-one/blog-tutorial/x/custom/codec.pb.go:635.23,640.17 5 0
github.com/iov-one/blog-tutorial/x/custom/codec.pb.go:643.3,643.10 1 0
github.com/iov-one/blog-tutorial/x/custom/codec.pb.go:640.17,642.4 1 0
github.com/iov-one/blog-tutorial/x/custom/codec.pb.go:645.27,649.3 3 0
github.com/iov-one/blog-tutorial/x/custom/codec.pb.go:650.20,655.3 4 0
github.com/iov-one/blog-tutorial/x/custom/codec.pb.go:656.21,661.3 4 0
github.com/iov-one/blog-tutorial/x/custom/codec.pb.go:662.21,666.3 3 0
github.com/iov-one/blog-tutorial/x/custom/codec.pb.go:670.66,674.16 4 0
github.com/iov-one/blog-tutorial/x/custom/codec.pb.go:677.2,677.22 1 0
github.com/iov-one/blog-tutorial/x/custom/codec.pb.go:674.16,676.3 1 0
github.com/iov-one/blog-tutorial/x/custom/codec.pb.go:680.67,685.23 5 0
github.com/iov-one/blog-tutorial/x/custom/codec.pb.go:695.2,695.29 1 0
github.com/iov-one/blog-tutorial/x/custom/codec.pb.go:701.2,701.15 1 0
github.com/iov-one/blog-tutorial/x/custom/codec.pb.go:685.23,690.17 5 0
github.com/iov-one/blog-tutorial/x/custom/codec.pb.go:693.3,693.10 1 0
github.com/iov-one/blog-tutorial/x/custom/codec.pb.go:690.17,692.4 1 0
github.com/iov-one/blog-tutorial/x/custom/codec.pb.go:695.29,700.3 4 0
github.com/iov-one/blog-tutorial/x/custom/codec.pb.go:704.61,708.16 4 0
github.com/iov-one/blog-tutorial/x/custom/codec.pb.go:711.2,711.22 1 0
github.com/iov-one/blog-tutorial/x/custom/codec.pb.go:708.16,710.3 1 0
github.com/iov-one/blog-tutorial/x/custom/codec.pb.go:714.62,719.23 5 0
github.com/iov-one/blog-tutorial/x/custom/codec.pb.go:729.2,729.25 1 0
github.com/iov-one/blog-tutorial/x/custom/codec.pb.go:739.2,739.24 1 0
github.com/iov-one/blog-tutorial/x/custom/codec.pb.go:745.2,745.15 1 0
github.com/iov-one/blog-tutorial/x/custom/codec.pb.go:719.23,724.17 5 0
github.com/iov-one/blog-tutorial/x/custom/codec.pb.go:727.3,727.10 1 0
github.com/iov-one/blog-tutorial/x/custom/codec.pb.go:724.17,726.4 1 0
github.com/iov-one/blog-tutorial/x/custom/codec.pb.go:729.25,734.17 5 0
github.com/iov-one/blog-tutorial/x/custom/codec.pb.go:737.3,737.10 1 0
github.com/iov-one/blog-tutorial/x/custom/codec.pb.go:734.17,736.4 1 0
github.com/iov-one/blog-tutorial/x/custom/codec.pb.go:739.24,744.3 4 0
github.com/iov-one/blog-tutorial/x/custom/codec.pb.go:748.63,749.16 1 1
github.com/iov-one/blog-tutorial/x/custom/codec.pb.go:754.2,755.19 2 1
github.com/iov-one/blog-tutorial/x/custom/codec.pb.go:749.16,753.3 3 1
github.com/iov-one/blog-tutorial/x/custom/codec.pb.go:757.37,758.14 1 1
github.com/iov-one/blog-tutorial/x/custom/codec.pb.go:761.2,763.16 3 1
github.com/iov-one/blog-tutorial/x/custom/codec.pb.go:766.2,766.16 1 1
github.com/iov-one/blog-tutorial/x/custom/codec.pb.go:769.2,769.10 1 1
github.com/iov-one/blog-tutorial/x/custom/codec.pb.go:758.14,760.3 1 0
github.com/iov-one/blog-tutorial/x/custom/codec.pb.go:763.16,765.3 1 1
github.com/iov-one/blog-tutorial/x/custom/codec.pb.go:766.16,768.3 1 1
github.com/iov-one/blog-tutorial/x/custom/codec.pb.go:772.37,773.14 1 1
github.com/iov-one/blog-tutorial/x/custom/codec.pb.go:776.2,778.23 3 1
github.com/iov-one/blog-tutorial/x/custom/codec.pb.go:782.2,782.27 1 1
github.com/iov-one/blog-tutorial/x/custom/codec.pb.go:785.2,786.11 2 1
github.com/iov-one/blog-tutorial/x/custom/codec.pb.go:789.2,790.11 2 1
github.com/iov-one/blog-tutorial/x/custom/codec.pb.go:793.2,793.21 1 1
github.com/iov-one/blog-tutorial/x/custom/codec.pb.go:796.2,796.10 1 1
github.com/iov-one/blog-tutorial/x/custom/codec.pb.go:773.14,775.3 1 0
github.com/iov-one/blog-tutorial/x/custom/codec.pb.go:778.23,781.3 2 1
github.com/iov-one/blog-tutorial/x/custom/codec.pb.go:782.27,784.3 1 1
github.com/iov-one/blog-tutorial/x/custom/codec.pb.go:786.11,788.3 1 1
github.com/iov-one/blog-tutorial/x/custom/codec.pb.go:790.11,792.3 1 1
github.com/iov-one/blog-tutorial/x/custom/codec.pb.go:793.21,795.3 1 1
github.com/iov-one/blog-tutorial/x/custom/codec.pb.go:799.32,800.14 1 1
github.com/iov-one/blog-tutorial/x/custom/codec.pb.go:803.2,805.23 3 1
github.com/iov-one/blog-tutorial/x/custom/codec.pb.go:809.2,809.25 1 1
github.com/iov-one/blog-tutorial/x/custom/codec.pb.go:813.2,814.11 2 1
github.com/iov-one/blog-tutorial/x/custom/codec.pb.go:817.2,817.22 1 1
github.com/iov-one/blog-tutorial/x/custom/codec.pb.go:820.2,820.10 1 1
github.com/iov-one/blog-tutorial/x/custom/codec.pb.go:800.14,802.3 1 0
github.com/iov-one/blog-tutorial/x/custom/codec.pb.go:805.23,808.3 2 1
github.com/iov-one/blog-tutorial/x/custom/codec.pb.go:809.25,812.3 2 1
github.com/iov-one/blog-tutorial/x/custom/codec.pb.go:814.11,816.3 1 1
github.com/iov-one/blog-tutorial/x/custom/codec.pb.go:817.22,819.3 1 1
github.com/iov-one/blog-tutorial/x/custom/codec.pb.go:823.46,824.14 1 0
github.com/iov-one/blog-tutorial/x/custom/codec.pb.go:827.2,829.23 3 0
github.com/iov-one/blog-tutorial/x/custom/codec.pb.go:833.2,833.27 1 0
github.com/iov-one/blog-tutorial/x/custom/codec.pb.go:836.2,837.11 2 0
github.com/iov-one/blog-tutorial/x/custom/codec.pb.go:840.2,841.11 2 0
github.com/iov-one/blog-tutorial/x/custom/codec.pb.go:844.2,844.21 1 0
github.com/iov-one/blog-tutorial/x/custom/codec.pb.go:847.2,847.10 1 0
github.com/iov-one/blog-tutorial/x/custom/codec.pb.go:824.14,826.3 1 0
github.com/iov-one/blog-tutorial/x/custom/codec.pb.go:829.23,832.3 2 0
github.com/iov-one/blog-tutorial/x/custom/codec.pb.go:833.27,835.3 1 0
github.com/iov-one/blog-tutorial/x/custom/codec.pb.go:837.11,839.3 1 0
github.com/iov-one/blog-tutorial/x/custom/codec.pb.go:841.11,843.3 1 0
github.com/iov-one/blog-tutorial/x/custom/codec.pb.go:844.21,846.3 1 0
github.com/iov-one/blog-tutorial/x/custom/codec.pb.go:850.46,851.14 1 0
github.com/iov-one/blog-tutorial/x/custom/codec.pb.go:854.2,856.23 3 0
github.com/iov-one/blog-tutorial/x/custom/codec.pb.go:860.2,861.11 2 0
github.com/iov-one/blog-tutorial/x/custom/codec.pb.go:864.2,864.10 1 0
github.com/iov-one/blog-tutorial/x/custom/codec.pb.go:851.14,853.3 1 0
github.com/iov-one/blog-tutorial/x/custom/codec.pb.go:856.23,859.3 2 0
github.com/iov-one/blog-tutorial/x/custom/codec.pb.go:861.11,863.3 1 0
github.com/iov-one/blog-tutorial/x/custom/codec.pb.go:867.41,868.14 1 0
github.com/iov-one/blog-tutorial/x/custom/codec.pb.go:871.2,873.23 3 0
github.com/iov-one/blog-tutorial/x/custom/codec.pb.go:877.2,877.25 1 0
github.com/iov-one/blog-tutorial/x/custom/codec.pb.go:881.2,882.11 2 0
github.com/iov-one/blog-tutorial/x/custom/codec.pb.go:885.2,885.10 1 0
github.com/iov-one/blog-tutorial/x/custom/codec.pb.go:868.14,870.3 1 0
github.com/iov-one/blog-tutorial/x/custom/codec.pb.go:873.23,876.3 2 0
github.com/iov-one/blog-tutorial/x/custom/codec.pb.go:877.25,880.3 2 0
github.com/iov-one/blog-tutorial/x/custom/codec.pb.go:882.11,884.3 1 0
github.com/iov-one/blog-tutorial/x/custom/codec.pb.go:888.33,889.6 1 1
github.com/iov-one/blog-tutorial/x/custom/codec.pb.go:896.2,896.10 1 1
github.com/iov-one/blog-tutorial/x/custom/codec.pb.go:889.6,892.13 3 1
github.com/iov-one/blog-tutorial/x/custom/codec.pb.go:892.13,893.9 1 1
github.com/iov-one/blog-tutorial/x/custom/codec.pb.go:898.33,900.2 1 0
github.com/iov-one/blog-tutorial/x/custom/codec.pb.go:901.51,904.16 3 0
github.com/iov-one/blog-tutorial/x/custom/codec.pb.go:987.2,987.15 1 0
github.com/iov-one/blog-tutorial/x/custom/codec.pb.go:990.2,990.12 1 0
github.com/iov-one/blog-tutorial/x/custom/codec.pb.go:904.16,907.38 3 0
github.com/iov-one/blog-tutorial/x/custom/codec.pb.go:921.3,923.20 3 0
github.com/iov-one/blog-tutorial/x/custom/codec.pb.go:926.3,926.20 1 0
github.com/iov-one/blog-tutorial/x/custom/codec.pb.go:929.3,929.19 1 0
github.com/iov-one/blog-tutorial/x/custom/codec.pb.go:907.38,908.19 1 0
github.com/iov-one/blog-tutorial/x/custom/codec.pb.go:911.4,911.18 1 0
github.com/iov-one/blog-tutorial/x/custom/codec.pb.go:914.4,917.16 4 0
github.com/iov-one/blog-tutorial/x/custom/codec.pb.go:908.19,910.5 1 0
github.com/iov-one/blog-tutorial/x/custom/codec.pb.go:911.18,913.5 1 0
github.com/iov-one/blog-tutorial/x/custom/codec.pb.go:917.16,918.10 1 0
github.com/iov-one/blog-tutorial/x/custom/codec.pb.go:923.20,925.4 1 0
github.com/iov-one/blog-tutorial/x/custom/codec.pb.go:926.20,928.4 1 0
github.com/iov-one/blog-tutorial/x/custom/codec.pb.go:930.10,931.21 1 0
github.com/iov-one/blog-tutorial/x/custom/codec.pb.go:934.4,935.39 2 0
github.com/iov-one/blog-tutorial/x/custom/codec.pb.go:949.10,950.21 1 0
github.com/iov-one/blog-tutorial/x/custom/codec.pb.go:953.4,954.39 2 0
github.com/iov-one/blog-tutorial/x/custom/codec.pb.go:968.11,971.18 3 0
github.com/iov-one/blog-tutorial/x/custom/codec.pb.go:974.4,974.18 1 0
github.com/iov-one/blog-tutorial/x/custom/codec.pb.go:977.4,977.28 1 0
github.com/iov-one/blog-tutorial/x/custom/codec.pb.go:980.4,980.28 1 0
github.com/iov-one/blog-tutorial/x/custom/codec.pb.go:983.4,983.19 1 0
github.com/iov-one/blog-tutorial/x/custom/codec.pb.go:931.21,933.5 1 0
github.com/iov-one/blog-tutorial/x/custom/codec.pb.go:935.39,936.20 1 0
github.com/iov-one/blog-tutorial/x/custom/codec.pb.go:939.5,939.19 1 0
github.com/iov-one/blog-tutorial/x/custom/codec.pb.go:942.5,945.17 4 0
github.com/iov-one/blog-tutorial/x/custom/codec.pb.go:936.20,938.6 1 0
github.com/iov-one/blog-tutorial/x/custom/codec.pb.go:939.19,941.6 1 0
github.com/iov-one/blog-tutorial/x/custom/codec.pb.go:945.17,946.11 1 0
github.com/iov-one/blog-tutorial/x/custom/codec.pb.go:950.21,952.5 1 0
github.com/iov-one/blog-tutorial/x/custom/codec.pb.go:954.39,955.20 1 0
github.com/iov-one/blog-tutorial/x/custom/codec.pb.go:958.5,958.19 1 0
github.com/iov-one/blog-tutorial/x/custom/codec.pb.go:961.5,964.17 4 0
github.com/iov-one/blog-tutorial/x/custom/codec.pb.go:955.20,957.6 1 0
github.com/iov-one/blog-tutorial/x/custom/codec.pb.go:958.19,960.6 1 0
github.com/iov-one/blog-tutorial/x/custom/codec.pb.go:964.17,965.11 1 0
github.com/iov-one/blog-tutorial/x/custom/codec.pb.go:971.18,973.5 1 0
github.com/iov-one/blog-tutorial/x/custom/codec.pb.go:974.18,976.5 1 0
github.com/iov-one/blog-tutorial/x/custom/codec.pb.go:977.28,979.5 1 0
github.com/iov-one/blog-tutorial/x/custom/codec.pb.go:980.28,982.5 1 0
github.com/iov-one/blog-tutorial/x/custom/codec.pb.go:987.15,989.3 1 0
github.com/iov-one/blog-tutorial/x/custom/codec.pb.go:992.51,995.16 3 1
github.com/iov-one/blog-tutorial/x/custom/codec.pb.go:1180.2,1180.15 1 1
github.com/iov-one/blog-tutorial/x/custom/codec.pb.go:1183.2,1183.12 1 1
github.com/iov-one/blog-tutorial/x/custom/codec.pb.go:995.16,998.38 3 1
github.com/iov-one/blog-tutorial/x/custom/codec.pb.go:1012.3,1014.20 3 1
github.com/iov-one/blog-tutorial/x/custom/codec.pb.go:1017.3,1017.20 1 1
github.com/iov-one/blog-tutorial/x/custom/codec.pb.go:1020.3,1020.19 1 1
github.com/iov-one/blog-tutorial/x/custom/codec.pb.go:998.38,999.19 1 1
github.com/iov-one/blog-tutorial/x/custom/codec.pb.go:1002.4,1002.18 1 1
github.com/iov-one/blog-tutorial/x/custom/codec.pb.go:1005.4,1008.16 4 1
github.com/iov-one/blog-tutorial/x/custom/codec.pb.go:999.19,1001.5 1 0
github.com/iov-one/blog-tutorial/x/custom/codec.pb.go:1002.18,1004.5 1 0
github.com/iov-one/blog-tutorial/x/custom/codec.pb.go:1008.16,1009.10 1 1
github.com/iov-one/blog-tutorial/x/custom/codec.pb.go:1014.20,1016.4 1 0
github.com/iov-one/blog-tutorial/x/custom/codec.pb.go:1017.20,1019.4 1 0
github.com/iov-one/blog-tutorial/x/custom/codec.pb.go:1021.10,1022.21 1 1
github.com/iov-one/blog-tutorial/x/custom/codec.pb.go:1025.4,1026.39 2 1
github.com/iov-one/blog-tutorial/x/custom/codec.pb.go:1040.4,1040.18 1 1
github.com/iov-one/blog-tutorial/x/custom/codec.pb.go:1043.4,1044.21 2 1
github.com/iov-one/blog-tutorial/x/custom/codec.pb.go:1047.4,1047.21 1 1
github.com/iov-one/blog-tutorial/x/custom/codec.pb.go:1050.4,1050.25 1 1
github.com/iov-one/blog-tutorial/x/custom/codec.pb.go:1053.4,1053.70 1 1
github.com/iov-one/blog-tutorial/x/custom/codec.pb.go:1056.4,1056.21 1 1
github.com/iov-one/blog-tutorial/x/custom/codec.pb.go:1057.10,1058.21 1 1
github.com/iov-one/blog-tutorial/x/custom/codec.pb.go:1061.4,1062.39 2 1
github.com/iov-one/blog-tutorial/x/custom/codec.pb.go:1076.10,1077.21 1 1
github.com/iov-one/blog-tutorial/x/custom/codec.pb.go:1080.4,1081.39 2 1
github.com/iov-one/blog-tutorial/x/custom/codec.pb.go:1095.4,1096.24 2 1
github.com/iov-one/blog-tutorial/x/custom/codec.pb.go:1099.4,1100.21 2 1
github.com/iov-one/blog-tutorial/x/custom/codec.pb.go:1103.4,1103.21 1 1
github.com/iov-one/blog-tutorial/x/custom/codec.pb.go:1106.4,1107.21 2 1
github.com/iov-one/blog-tutorial/x/custom/codec.pb.go:1108.10,1109.21 1 1
github.com/iov-one/blog-tutorial/x/custom/codec.pb.go:1112.4,1113.39 2 1
github.com/iov-one/blog-tutorial/x/custom/codec.pb.go:1127.4,1127.19 1 1
github.com/iov-one/blog-tutorial/x/custom/codec.pb.go:1130.4,1131.21 2 1
github.com/iov-one/blog-tutorial/x/custom/codec.pb.go:1134.4,1134.21 1 1
github.com/iov-one/blog-tutorial/x/custom/codec.pb.go:1137.4,1138.21 2 1
github.com/iov-one/blog-tutorial/x/custom/codec.pb.go:1141.4,1141.21 1 1
github.com/iov-one/blog-tutorial/x/custom/codec.pb.go:1142.10,1143.21 1 1
github.com/iov-one/blog-tutorial/x/custom/codec.pb.go:1146.4,1147.39 2 1
github.com/iov-one/blog-tutorial/x/custom/codec.pb.go:1161.11,1164.18 3 0
github.com/iov-one/blog-tutorial/x/custom/codec.pb.go:1167.4,1167.18 1 0
github.com/iov-one/blog-tutorial/x/custom/codec.pb.go:1170.4,1170.28 1 0
github.com/iov-one/blog-tutorial/x/custom/codec.pb.go:1173.4,1173.28 1 0
github.com/iov-one/blog-tutorial/x/custom/codec.pb.go:1176.4,1176.19 1 0
github.com/iov-one/blog-tutorial/x/custom/codec.pb.go:1022.21,1024.5 1 0
github.com/iov-one/blog-tutorial/x/custom/codec.pb.go:1026.39,1027.20 1 1
github.com/iov-one/blog-tutorial/x/custom/codec.pb.go:1030.5,1030.19 1 1
github.com/iov-one/blog-tutorial/x/custom/codec.pb.go:1033.5,1036.17 4 1
github.com/iov-one/blog-tutorial/x/custom/codec.pb.go:1027.20,1029.6 1 0
github.com/iov-one/blog-tutorial/x/custom/codec.pb.go:1030.19,1032.6 1 0
github.com/iov-one/blog-tutorial/x/custom/codec.pb.go:1036.17,1037.11 1 1
github.com/iov-one/blog-tutorial/x/custom/codec.pb.go:1040.18,1042.5 1 0
github.com/iov-one/blog-tutorial/x/custom/codec.pb.go:1044.21,1046.5 1 0
github.com/iov-one/blog-tutorial/x/custom/codec.pb.go:1047.21,1049.5 1 0
github.com/iov-one/blog-tutorial/x/custom/codec.pb.go:1050.25,1052.5 1 1
github.com/iov-one/blog-tutorial/x/custom/codec.pb.go:1053.70,1055.5 1 0
github.com/iov-one/blog-tutorial/x/custom/codec.pb.go:1058.21,1060.5 1 0
github.com/iov-one/blog-tutorial/x/custom/codec.pb.go:1062.39,1063.20 1 1
github.com/iov-one/blog-tutorial/x/custom/codec.pb.go:1066.5,1066.19 1 1
github.com/iov-one/blog-tutorial/x/custom/codec.pb.go:1069.5,1072.17 4 1
github.com/iov-one/blog-tutorial/x/custom/codec.pb.go:1063.20,1065.6 1 0
github.com/iov-one/blog-tutorial/x/custom/codec.pb.go:1066.19,1068.6 1 0
github.com/iov-one/blog-tutorial/x/custom/codec.pb.go:1072.17,1073.11 1 1
github.com/iov-one/blog-tutorial/x/custom/codec.pb.go:1077.21,1079.5 1 0
github.com/iov-one/blog-tutorial/x/custom/codec.pb.go:1081.39,1082.20 1 1
github.com/iov-one/blog-tutorial/x/custom/codec.pb.go:1085.5,1085.19 1 1
github.com/iov-one/blog-tutorial/x/custom/codec.pb.go:1088.5,1091.17 4 1
github.com/iov-one/blog-tutorial/x/custom/codec.pb.go:1082.20,1084.6 1 0
github.com/iov-one/blog-tutorial/x/custom/codec.pb.go:1085.19,1087.6 1 0
github.com/iov-one/blog-tutorial/x/custom/codec.pb.go:1091.17,1092.11 1 1
github.com/iov-one/blog-tutorial/x/custom/codec.pb.go:1096.24,1098.5 1 0
github.com/iov-one/blog-tutorial/x/custom/codec.pb.go:1100.21,1102.5 1 0
github.com/iov-one/blog-tutorial/x/custom/codec.pb.go:1103.21,1105.5 1 0
github.com/iov-one/blog-tutorial/x/custom/codec.pb.go:1109.21,1111.5 1 0
github.com/iov-one/blog-tutorial/x/custom/codec.pb.go:1113.39,1114.20 1 1
github.com/iov-one/blog-tutorial/x/custom/codec.pb.go:1117.5,1117.19 1 1
github.com/iov-one/blog-tutorial/x/custom/codec.pb.go:1120.5,1123.17 4 1
github.com/iov-one/blog-tutorial/x/custom/codec.pb.go:1114.20,1116.6 1 0
github.com/iov-one/blog-tutorial/x/custom/codec.pb.go:1117.19,1119.6 1 0
github.com/iov-one/blog-tutorial/x/custom/codec.pb.go:1123.17,1124.11 1 1
github.com/iov-one/blog-tutorial/x/custom/codec.pb.go:1127.19,1129.5 1 0
github.com/iov-one/blog-tutorial/x/custom/codec.pb.go:1131.21,1133.5 1 0
github.com/iov-one/blog-tutorial/x/custom/codec.pb.go:1134.21,1136.5 1 0
github.com/iov-one/blog-tutorial/x/custom/codec.pb.go:1138.21,1140.5 1 0
github.com/iov-one/blog-tutorial/x/custom/codec.pb.go:1143.21,1145.5 1 0
github.com/iov-one/blog-tutorial/x/custom/codec.pb.go:1147.39,1148.20 1 1
github.com/iov-one/blog-tutorial/x/custom/codec.pb.go:1151.5,1151.19 1 1
github.com/iov-one/blog-tutorial/x/custom/codec.pb.go:1154.5,1157.17 4 1
github.com/iov-one/blog-tutorial/x/custom/codec.pb.go:1148.20,1150.6 1 0
github.com/iov-one/blog-tutorial/x/custom/codec.pb.go:1151.19,1153.6 1 0
github.com/iov-one/blog-tutorial/x/custom/codec.pb.go:1157.17,1158.11 1 1
github.com/iov-one/blog-tutorial/x/custom/codec.pb.go:1164.18,1166.5 1 0
github.com/iov-one/blog-tutorial/x/custom/codec.pb.go:1167.18,1169.5 1 0
github.com/iov-one/blog-tutorial/x/custom/codec.pb.go:1170.28,1172.5 1 0
github.com/iov-one/blog-tutorial/x/custom/codec.pb.go:1173.28,1175.5 1 0
github.com/iov-one/blog-tutorial/x/custom/codec.pb.go:1180.15,1182.3 1 0
github.com/iov-one/blog-tutorial/x/custom/codec.pb.go:1185.46,1188.16 3 0
github.com/iov-one/blog-tutorial/x/custom/codec.pb.go:1358.2,1358.15 1 0
github.com/iov-one/blog-tutorial/x/custom/codec.pb.go:1361.2,1361.12 1 0
github.com/iov-one/blog-tutorial/x/custom/codec.pb.go:1188.16,1191.38 3 0
github.com/iov-one/blog-tutorial/x/custom/codec.pb.go:1205.3,1207.20 3 0
github.com/iov-one/blog-tutorial/x/custom/codec.pb.go:1210.3,1210.20 1 0
github.com/iov-one/blog-tutorial/x/custom/codec.pb.go:1213.3,1213.19 1 0
github.com/iov-one/blog-tutorial/x/custom/codec.pb.go:1191.38,1192.19 1 0
github.com/iov-one/blog-tutorial/x/custom/codec.pb.go:1195.4,1195.18 1 0
github.com/iov-one/blog-tutorial/x/custom/codec.pb.go:1198.4,1201.16 4 0
github.com/iov-one/blog-tutorial/x/custom/codec.pb.go:1192.19,1194.5 1 0
github.com/iov-one/blog-tutorial/x/custom/codec.pb.go:1195.18,1197.5 1 0
github.com/iov-one/blog-tutorial/x/custom/codec.pb.go:1201.16,1202.10 1 0
github.com/iov-one/blog-tutorial/x/custom/codec.pb.go:1207.20,1209.4 1 0
github.com/iov-one/blog-tutorial/x/custom/codec.pb.go:1210.20,1212.4 1 0
github.com/iov-one/blog-tutorial/x/custom/codec.pb.go:1214.10,1215.21 1 0
github.com/iov-one/blog-tutorial/x/custom/codec.pb.go:1218.4,1219.39 2 0
github.com/iov-one/blog-tutorial/x/custom/codec.pb.go:1233.4,1233.18 1 0
github.com/iov-one/blog-tutorial/x/custom/codec.pb.go:1236.4,1237.21 2 0
github.com/iov-one/blog-tutorial/x/custom/codec.pb.go:1240.4,1240.21 1 0
github.com/iov-one/blog-tutorial/x/custom/codec.pb.go:1243.4,1243.25 1 0
github.com/iov-one/blog-tutorial/x/custom/codec.pb.go:1246.4,1246.70 1 0
github.com/iov-one/blog-tutorial/x/custom/codec.pb.go:1249.4,1249.21 1 0
github.com/iov-one/blog-tutorial/x/custom/codec.pb.go:1250.10,1251.21 1 0
github.com/iov-one/blog-tutorial/x/custom/codec.pb.go:1254.4,1255.39 2 0
github.com/iov-one/blog-tutorial/x/custom/codec.pb.go:1269.4,1269.18 1 0
github.com/iov-one/blog-tutorial/x/custom/codec.pb.go:1272.4,1273.21 2 0
github.com/iov-one/blog-tutorial/x/custom/codec.pb.go:1276.4,1276.21 1 0
github.com/iov-one/blog-tutorial/x/custom/codec.pb.go:1279.4,1279.27 1 0
github.com/iov-one/blog-tutorial/x/custom/codec.pb.go:1282.4,1282.72 1 0
github.com/iov-one/blog-tutorial/x/custom/codec.pb.go:1285.4,1285.21 1 0
github.com/iov-one/blog-tutorial/x/custom/codec.pb.go:1286.10,1287.21 1 0
github.com/iov-one/blog-tutorial/x/custom/codec.pb.go:1290.4,1291.39 2 0
github.com/iov-one/blog-tutorial/x/custom/codec.pb.go:1305.4,1305.19 1 0
github.com/iov-one/blog-tutorial/x/custom/codec.pb.go:1308.4,1309.21 2 0
github.com/iov-one/blog-tutorial/x/custom/codec.pb.go:1312.4,1312.21 1 0
github.com/iov-one/blog-tutorial/x/custom/codec.pb.go:1315.4,1316.24 2 0
github.com/iov-one/blog-tutorial/x/custom/codec.pb.go:1319.4,1319.21 1 0
github.com/iov-one/blog-tutorial/x/custom/codec.pb.go:1320.10,1321.21 1 0
github.com/iov-one/blog-tutorial/x/custom/codec.pb.go:1324.4,1325.39 2 0
github.com/iov-one/blog-tutorial/x/custom/codec.pb.go:1339.11,1342.18 3 0
github.com/iov-one/blog-tutorial/x/custom/codec.pb.go:1345.4,1345.18 1 0
github.com/iov-one/blog-tutorial/x/custom/codec.pb.go:1348.4,1348.28 1 0
github.com/iov-one/blog-tutorial/x/custom/codec.pb.go:1351.4,1351.28 1 0
github.com/iov-one/blog-tutorial/x/custom/codec.pb.go:1354.4,1354.19 1 0
github.com/iov-one/blog-tutorial/x/custom/codec.pb.go:1215.21,1217.5 1 0
github.com/iov-one/blog-tutorial/x/custom/codec.pb.go:1219.39,1220.20 1 0
github.com/iov-one/blog-tutorial/x/custom/codec.pb.go:1223.5,1223.19 1 0
github.com/iov-one/blog-tutorial/x/custom/codec.pb.go:1226.5,1229.17 4 0
github.com/iov-one/blog-tutorial/x/custom/codec.pb.go:1220.20,1222.6 1 0
github.com/iov-one/blog-tutorial/x/custom/codec.pb.go:1223.19,1225.6 1 0
github.com/iov-one/blog-tutorial/x/custom/codec.pb.go:1229.17,1230.11 1 0
github.com/iov-one/blog-tutorial/x/custom/codec.pb.go:1233.18,1235.5 1 0
github.com/iov-one/blog-tutorial/x/custom/codec.pb.go:1237.21,1239.5 1 0
github.com/iov-one/blog-tutorial/x/custom/codec.pb.go:1240.21,1242.5 1 0
github.com/iov-one/blog-tutorial/x/custom/codec.pb.go:1243.25,1245.5 1 0
github.com/iov-one/blog-tutorial/x/custom/codec.pb.go:1246.70,1248.5 1 0
github.com/iov-one/blog-tutorial/x/custom/codec.pb.go:1251.21,1253.5 1 0
github.com/iov-one/blog-tutorial/x/custom/codec.pb.go:1255.39,1256.20 1 0
github.com/iov-one/blog-tutorial/x/custom/codec.pb.go:1259.5,1259.19 1 0
github.com/iov-one/blog-tutorial/x/custom/codec.pb.go:1262.5,1265.17 4 0
github.com/iov-one/blog-tutorial/x/custom/codec.pb.go:1256.20,1258.6 1 0
github.com/iov-one/blog-tutorial/x/custom/codec.pb.go:1259.19,1261.6 1 0
github.com/iov-one/blog-tutorial/x/custom/codec.pb.go:1265.17,1266.11 1 0
github.com/iov-one/blog-tutorial/x/custom/codec.pb.go:1269.18,1271.5 1 0
github.com/iov-one/blog-tutorial/x/custom/codec.pb.go:1273.21,1275.5 1 0
github.com/iov-one/blog-tutorial/x/custom/codec.pb.go:1276.21,1278.5 1 0
github.com/iov-one/blog-tutorial/x/custom/codec.pb.go:1279.27,1281.5 1 0
github.com/iov-one/blog-tutorial/x/custom/codec.pb.go:1282.72,1284.5 1 0
github.com/iov-one/blog-tutorial/x/custom/codec.pb.go:1287.21,1289.5 1 0
github.com/iov-one/blog-tutorial/x/custom/codec.pb.go:1291.39,1292.20 1 0
github.com/iov-one/blog-tutorial/x/custom/codec.pb.go:1295.5,1295.19 1 0
github.com/iov-one/blog-tutorial/x/custom/codec.pb.go:1298.5,1301.17 4 0
github.com/iov-one/blog-tutorial/x/custom/codec.pb.go:1292.20,1294.6 1 0
github.com/iov-one/blog-tutorial/x/custom/codec.pb.go:1295.19,1297.6 1 0
github.com/iov-one/blog-tutorial/x/custom/codec.pb.go:1301.17,1302.11 1 0
github.com/iov-one/blog-tutorial/x/custom/codec.pb.go:1305.19,1307.5 1 0
github.com/iov-one/blog-tutorial/x/custom/codec.pb.go:1309.21,1311.5 1 0
github.com/iov-one/blog-tutorial/x/custom/codec.pb.go:1312.21,1314.5 1 0
github.com/iov-one/blog-tutorial/x/custom/codec.pb.go:1316.24,1318.5 1 0
github.com/iov-one/blog-tutorial/x/custom/codec.pb.go:1321.21,1323.5 1 0
github.com/iov-one/blog-tutorial/x/custom/codec.pb.go:1325.39,1326.20 1 0
github.com/iov-one/blog-tutorial/x/custom/codec.pb.go:1329.5,1329.19 1 0
github.com/iov-one/blog-tutorial/x/custom/codec.pb.go:1332.5,1335.17 4 0
github.com/iov-one/blog-tutorial/x/custom/codec.pb.go:1326.20,1328.6 1 0
github.com/iov-one/blog-tutorial/x/custom/codec.pb.go:1329.19,1331.6 1 0
github.com/iov-one/blog-tutorial/x/custom/codec.pb.go:1335.17,1336.11 1 0
github.com/iov-one/blog-tutorial/x/custom/codec.pb.go:1342.18,1344.5 1 0
github.com/iov-one/blog-tutorial/x/custom/codec.pb.go:1345.18,1347.5 1 0
github.com/iov-one/blog-tutorial/x/custom/codec.pb.go:1348.28,1350.5 1 0
github.com/iov-one/blog-tutorial/x/custom/codec.pb.go:1351.28,1353.5 1 0
github.com/iov-one/blog-tutorial/x/custom/codec.pb.go:1358.15,1360.3 1 0
github.com/iov-one/blog-tutorial/x/custom/codec.pb.go:1363.60,1366.16 3 0
github.com/iov-one/blog-tutorial/x/custom/codec.pb.go:1551.2,1551.15 1 0
github.com/iov-one/blog-tutorial/x/custom/codec.pb.go:1554.2,1554.12 1 0
github.com/iov-one/blog-tutorial/x/custom/codec.pb.go:1366.16,1369.38 3 0
github.com/iov-one/blog-tutorial/x/custom/codec.pb.go:1383.3,1385.20 3 0
github.com/iov-one/blog-tutorial/x/custom/codec.pb.go:1388.3,1388.20 1 0
github.com/iov-one/blog-tutorial/x/custom/codec.pb.go:1391.3,1391.19 1 0
github.com/iov-one/blog-tutorial/x/custom/codec.pb.go:1369.38,1370.19 1 0
github.com/iov-one/blog-tutorial/x/custom/codec.pb.go:1373.4,1373.18 1 0
github.com/iov-one/blog-tutorial/x/custom/codec.pb.go:1376.4,1379.16 4 0
github.com/iov-one/blog-tutorial/x/custom/codec.pb.go:1370.19,1372.5 1 0
github.com/iov-one/blog-tutorial/x/custom/codec.pb.go:1373.18,1375.5 1 0
github.com/iov-one/blog-tutorial/x/custom/codec.pb.go:1379.16,1380.10 1 0
github.com/iov-one/blog-tutorial/x/custom/codec.pb.go:1385.20,1387.4 1 0
github.com/iov-one/blog-tutorial/x/custom/codec.pb.go:1388.20,1390.4 1 0
github.com/iov-one/blog-tutorial/x/custom/codec.pb.go:1392.10,1393.21 1 0
github.com/iov-one/blog-tutorial/x/custom/codec.pb.go:1396.4,1397.39 2 0
github.com/iov-one/blog-tutorial/x/custom/codec.pb.go:1411.4,1411.18 1 0
github.com/iov-one/blog-tutorial/x/custom/codec.pb.go:1414.4,1415.21 2 0
github.com/iov-one/blog-tutorial/x/custom/codec.pb.go:1418.4,1418.21 1 0
github.com/iov-one/blog-tutorial/x/custom/codec.pb.go:1421.4,1421.25 1 0
github.com/iov-one/blog-tutorial/x/custom/codec.pb.go:1424.4,1424.70 1 0
github.com/iov-one/blog-tutorial/x/custom/codec.pb.go:1427.4,1427.21 1 0
github.com/iov-one/blog-tutorial/x/custom/codec.pb.go:1428.10,1429.21 1 0
github.com/iov-one/blog-tutorial/x/custom/codec.pb.go:1432.4,1433.39 2 0
github.com/iov-one/blog-tutorial/x/custom/codec.pb.go:1447.10,1448.21 1 0
github.com/iov-one/blog-tutorial/x/custom/codec.pb.go:1451.4,1452.39 2 0
github.com/iov-one/blog-tutorial/x/custom/codec.pb.go:1466.4,1467.24 2 0
github.com/iov-one/blog-tutorial/x/custom/codec.pb.go:1470.4,1471.21 2 0
github.com/iov-one/blog-tutorial/x/custom/codec.pb.go:1474.4,1474.21 1 0
github.com/iov-one/blog-tutorial/x/custom/codec.pb.go:1477.4,1478.21 2 0
github.com/iov-one/blog-tutorial/x/custom/codec.pb.go:1479.10,1480.21 1 0
github.com/iov-one/blog-tutorial/x/custom/codec.pb.go:1483.4,1484.39 2 0
github.com/iov-one/blog-tutorial/x/custom/codec.pb.go:1498.4,1498.19 1 0
github.com/iov-one/blog-tutorial/x/custom/codec.pb.go:1501.4,1502.21 2 0
github.com/iov-one/blog-tutorial/x/custom/codec.pb.go:1505.4,1505.21 1 0
github.com/iov-one/blog-tutorial/x/custom/codec.pb.go:1508.4,1509.21 2 0
github.com/iov-one/blog-tutorial/x/custom/codec.pb.go:1512.4,1512.21 1 0
github.com/iov-one/blog-tutorial/x/custom/codec.pb.go:1513.10,1514.21 1 0
github.com/iov-one/blog-tutorial/x/custom/codec.pb.go:1517.4,1518.39 2 0
github.com/iov-one/blog-tutorial/x/custom/codec.pb.go:1532.11,1535.18 3 0
github.com/iov-one/blog-tutorial/x/custom/codec.pb.go:1538.4,1538.18 1 0
github.com/iov-one/blog-tutorial/x/custom/codec.pb.go:1541.4,1541.28 1 0
github.com/iov-one/blog-tutorial/x/custom/codec.pb.go:1544.4,1544.28 1 0
github.com/iov-one/blog-tutorial/x/custom/codec.pb.go:1547.4,1547.19 1 0
github.com/iov-one/blog-tutorial/x/custom/codec.pb.go:1393.21,1395.5 1 0
github.com/iov-one/blog-tutorial/x/custom/codec.pb.go:1397.39,1398.20 1 0
github.com/iov-one/blog-tutorial/x/custom/codec.pb.go:1401.5,1401.19 1 0
github.com/iov-one/blog-tutorial/x/custom/codec.pb.go:1404.5,1407.17 4 0
github.com/iov-one/blog-tutorial/x/custom/codec.pb.go:1398.20,1400.6 1 0
github.com/iov-one/blog-tutorial/x/custom/codec.pb.go:1401.19,1403.6 1 0
github.com/iov-one/blog-tutorial/x/custom/codec.pb.go:1407.17,1408.11 1 0
github.com/iov-one/blog-tutorial/x/custom/codec.pb.go:1411.18,1413.5 1 0
github.com/iov-one/blog-tutorial/x/custom/codec.pb.go:1415.21,1417.5 1 0
github.com/iov-one/blog-tutorial/x/custom/codec.pb.go:1418.21,1420.5 1 0
github.com/iov-one/blog-tutorial/x/custom/codec.pb.go:1421.25,1423.5 1 0
github.com/iov-one/blog-tutorial/x/custom/codec.pb.go:1424.70,1426.5 1 0
github.com/iov-one/blog-tutorial/x/custom/codec.pb.go:1429.21,1431.5 1 0
github.com/iov-one/blog-tutorial/x/custom/codec.pb.go:1433.39,1434.20 1 0
github.com/iov-one/blog-tutorial/x/custom/codec.pb.go:1437.5,1437.19 1 0
github.com/iov-one/blog-tutorial/x/custom/codec.pb.go:1440.5,1443.17 4 0
github.com/iov-one/blog-tutorial/x/custom/codec.pb.go:1434.20,1436.6 1 0
github.com/iov-one/blog-tutorial/x/custom/codec.pb.go:1437.19,1439.6 1 0
github.com/iov-one/blog-tutorial/x/custom/codec.pb.go:1443.17,1444.11 1 0
github.com/iov-one/blog-tutorial/x/custom/codec.pb.go:1448.21,1450.5 1 0
github.com/iov-one/blog-tutorial/x/custom/codec.pb.go:1452.39,1453.20 1 0
github.com/iov-one/blog-tutorial/x/custom/codec.pb.go:1456.5,1456.19 1 0
github.com/iov-one/blog-tutorial/x/custom/codec.pb.go:1459.5,1462.17 4 0
github.com/iov-one/blog-tutorial/x/custom/codec.pb.go:1453.20,1455.6 1 0
github.com/iov-one/blog-tutorial/x/custom/codec.pb.go:1456.19,1458.6 1 0
github.com/iov-one/blog-tutorial/x/custom/codec.pb.go:1462.17,1463.11 1 0
github.com/iov-one/blog-tutorial/x/custom/codec.pb.go:1467.24,1469.5 1 0
github.com/iov-one/blog-tutorial/x/custom/codec.pb.go:1471.21,1473.5 1 0
github.com/iov-one/blog-tutorial/x/custom/codec.pb.go:1474.21,1476.5 1 0
github.com/iov-one/blog-tutorial/x/custom/codec.pb.go:1480.21,1482.5 1 0
github.com/iov-one/blog-tutorial/x/custom/codec.pb.go:1484.39,1485.20 1 0
github.com/iov-one/blog-tutorial/x/custom/codec.pb.go:1488.5,1488.19 1 0
github.com/iov-one/blog-tutorial/x/custom/codec.pb.go:1491.5,1494.17 4 0
github.com/iov-one/blog-tutorial/x/custom/codec.pb.go:1485.20,1487.6 1 0
github.com/iov-one/blog-tutorial/x/custom/codec.pb.go:1488.19,1490.6 1 0
github.com/iov-one/blog-tutorial/x/custom/codec.pb.go:1494.17,1495.11 1 0
github.com/iov-one/blog-tutorial/x/custom/codec.pb.go:1498.19,1500.5 1 0
github.com/iov-one/blog-tutorial/x/custom/codec.pb.go:1502.21,1504.5 1 0
github.com/iov-one/blog-tutorial/x/custom/codec.pb.go:1505.21,1507.5 1 0
github.com/iov-one/blog-tutorial/x/custom/codec.pb.go:1509.21,1511.5 1 0
github.com/iov-one/blog-tutorial/x/custom/codec.pb.go:1514.21,1516.5 1 0
github.com/iov-one/blog-tutorial/x/custom/codec.pb.go:1518.39,1519.20 1 0
github.com/iov-one/blog-tutorial/x/custom/codec.pb.go:1522.5,1522.19 1 0
github.com/iov-one/blog-tutorial/x/custom/codec.pb.go:1525.5,1528.17 4 0
github.com/iov-one/blog-tutorial/x/custom/codec.pb.go:1519.20,1521.6 1 0
github.com/iov-one/blog-tutorial/x/custom/codec.pb.go:1522.19,1524.6 1 0
github.com/iov-one/blog-tutorial/x/custom/codec.pb.go:1528.17,1529.11 1 0
github.com/iov-one/blog-tutorial/x/custom/codec.pb.go:1535.18,1537.5 1 0
github.com/iov-one/blog-tutorial/x/custom/codec.pb.go:1538.18,1540.5 1 0
github.com/iov-one/blog-tutorial/x/custom/codec.pb.go:1541.28,1543.5 1 0
github.com/iov-one/blog-tutorial/x/custom/codec.pb.go:1544.28,1546.5 1 0
github.com/iov-one/blog-tutorial/x/custom/codec.pb.go:1551.15,1553.3 1 0
github.com/iov-one/blog-tutorial/x/custom/codec.pb.go:1556.60,1559.16 3 0
github.com/iov-one/blog-tutorial/x/custom/codec.pb.go:1674.2,1674.15 1 0
github.com/iov-one/blog-tutorial/x/custom/codec.pb.go:1677.2,1677.12 1 0
github.com/iov-one/blog-tutorial/x/custom/codec.pb.go:1559.16,1562.38 3 0
github.com/iov-one/blog-tutorial/x/custom/codec.pb.go:1576.3,1578.20 3 0
github.com/iov-one/blog-tutorial/x/custom/codec.pb.go:1581.3,1581.20 1 0
github.com/iov-one/blog-tutorial/x/custom/codec.pb.go:1584.3,1584.19 1 0
github.com/iov-one/blog-tutorial/x/custom/codec.pb.go:1562.38,1563.19 1 0
github.com/iov-one/blog-tutorial/x/custom/codec.pb.go:1566.4,1566.18 1 0
github.com/iov-one/blog-tutorial/x/custom/codec.pb.go:1569.4,1572.16 4 0
github.com/iov-one/blog-tutorial/x/custom/codec.pb.go:1563.19,1565.5 1 0
github.com/iov-one/blog-tutorial/x/custom/codec.pb.go:1566.18,1568.5 1 0
github.com/iov-one/blog-tutorial/x/custom/codec.pb.go:1572.16,1573.10 1 0
github.com/iov-one/blog-tutorial/x/custom/codec.pb.go:1578.20,1580.4 1 0
github.com/iov-one/blog-tutorial/x/custom/codec.pb.go:1581.20,1583.4 1 0
github.com/iov-one/blog-tutorial/x/custom/codec.pb.go:1585.10,1586.21 1 0
github.com/iov-one/blog-tutorial/x/custom/codec.pb.go:1589.4,1590.39 2 0
github.com/iov-one/blog-tutorial/x/custom/codec.pb.go:1604.4,1604.18 1 0
github.com/iov-one/blog-tutorial/x/custom/codec.pb.go:1607.4,1608.21 2 0
github.com/iov-one/blog-tutorial/x/custom/codec.pb.go:1611.4,1611.21 1 0
github.com/iov-one/blog-tutorial/x/custom/codec.pb.go:1614.4,1614.25 1 0
github.com/iov-one/blog-tutorial/x/custom/codec.pb.go:1617.4,1617.70 1 0
github.com/iov-one/blog-tutorial/x/custom/codec.pb.go:1620.4,1620.21 1 0
github.com/iov-one/blog-tutorial/x/custom/codec.pb.go:1621.10,1622.21 1 0
github.com/iov-one/blog-tutorial/x/custom/codec.pb.go:1625.4,1626.39 2 0
github.com/iov-one/blog-tutorial/x/custom/codec.pb.go:1640.4,1640.19 1 0
github.com/iov-one/blog-tutorial/x/custom/codec.pb.go:1643.4,1644.21 2 0
github.com/iov-one/blog-tutorial/x/custom/codec.pb.go:1647.4,1647.21 1 0
github.com/iov-one/blog-tutorial/x/custom/codec.pb.go:1650.4,1651.29 2 0
github.com/iov-one/blog-tutorial/x/custom/codec.pb.go:1654.4,1654.21 1 0
github.com/iov-one/blog-tutorial/x/custom/codec.pb.go:1655.11,1658.18 3 0
github.com/iov-one/blog-tutorial/x/custom/codec.pb.go:1661.4,1661.18 1 0
github.com/iov-one/blog-tutorial/x/custom/codec.pb.go:1664.4,1664.28 1 0
github.com/iov-one/blog-tutorial/x/custom/codec.pb.go:1667.4,1667.28 1 0
github.com/iov-one/blog-tutorial/x/custom/codec.pb.go:1670.4,1670.19 1 0
github.com/iov-one/blog-tutorial/x/custom/codec.pb.go:1586.21,1588.5 1 0
github.com/iov-one/blog-tutorial/x/custom/codec.pb.go:1590.39,1591.20 1 0
github.com/iov-one/blog-tutorial/x/custom/codec.pb.go:1594.5,1594.19 1 0
github.com/iov-one/blog-tutorial/x/custom/codec.pb.go:1597.5,1600.17 4 0
github.com/iov-one/blog-tutorial/x/custom/codec.pb.go:1591.20,1593.6 1 0
github.com/iov-one/blog-tutorial/x/custom/codec.pb.go:1594.19,1596.6 1 0
github.com/iov-one/blog-tutorial/x/custom/codec.pb.go:1600.17,1601.11 1 0
github.com/iov-one/blog-tutorial/x/custom/codec.pb.go:1604.18,1606.5 1 0
github.com/iov-one/blog-tutorial/x/custom/codec.pb.go:1608.21,1610.5 1 0
github.com/iov-one/blog-tutorial/x/custom/codec.pb.go:1611.21,1613.5 1 0
github.com/iov-one/blog-tutorial/x/custom/codec.pb.go:1614.25,1616.5 1 0
github.com/iov-one/blog-tutorial/x/custom/codec.pb.go:1617.70,1619.5 1 0
github.com/iov-one/blog-tutorial/x/custom/codec.pb.go:1622.21,1624.5 1 0
github.com/iov-one/blog-tutorial/x/custom/codec.pb.go:1626.39,1627.20 1 0
github.com/iov-one/blog-tutorial/x/custom/codec.pb.go:1630.5,1630.19 1 0
github.com/iov-one/blog-tutorial/x/custom/codec.pb.go:1633.5,1636.17 4 0
github.com/iov-one/blog-tutorial/x/custom/codec.pb.go:1627.20,1629.6 1 0
github.com/iov-one/blog-tutorial/x/custom/codec.pb.go:1630.19,1632.6 1 0
github.com/iov-one/blog-tutorial/x/custom/codec.pb.go:1636.17,1637.11 1 0
github.com/iov-one/blog-tutorial/x/custom/codec.pb.go:1640.19,1642.5 1 0
github.com/iov-one/blog-tutorial/x/custom/codec.pb.go:1644.21,1646.5 1 0
github.com/iov-one/blog-tutorial/x/custom/codec.pb.go:1647.21,1649.5 1 0
github.com/iov-one/blog-tutorial/x/custom/codec.pb.go:1651.29,1653.5 1 0
github.com/iov-one/blog-tutorial/x/custom/codec.pb.go:1658.18,1660.5 1 0
github.com/iov-one/blog-tutorial/x/custom/codec.pb.go:1661.18,1663.5 1 0
github.com/iov-one/blog-tutorial/x/custom/codec.pb.go:1664.28,1666.5 1 0
github.com/iov-one/blog-tutorial/x/custom/codec.pb.go:1667.28,1669.5 1 0
github.com/iov-one/blog-tutorial/x/custom/codec.pb.go:1674.15,1676.3 1 0
github.com/iov-one/blog-tutorial/x/custom/codec.pb.go:1679.55,1682.16 3 0
github.com/iov-one/blog-tutorial/x/custom/codec.pb.go:1833.2,1833.15 1 0
github.com/iov-one/blog-tutorial/x/custom/codec.pb.go:1836.2,1836.12 1 0
github.com/iov-one/blog-tutorial/x/custom/codec.pb.go:1682.16,1685.38 3 0
github.com/iov-one/blog-tutorial/x/custom/codec.pb.go:1699.3,1701.20 3 0
github.com/iov-one/blog-tutorial/x/custom/codec.pb.go:1704.3,1704.20 1 0
github.com/iov-one/blog-tutorial/x/custom/codec.pb.go:1707.3,1707.19 1 0
github.com/iov-one/blog-tutorial/x/custom/codec.pb.go:1685.38,1686.19 1 0
github.com/iov-one/blog-tutorial/x/custom/codec.pb.go:1689.4,1689.18 1 0
github.com/iov-one/blog-tutorial/x/custom/codec.pb.go:1692.4,1695.16 4 0
github.com/iov-one/blog-tutorial/x/custom/codec.pb.go:1686.19,1688.5 1 0
github.com/iov-one/blog-tutorial/x/custom/codec.pb.go:1689.18,1691.5 1 0
github.com/iov-one/blog-tutorial/x/custom/codec.pb.go:1695.16,1696.10 1 0
github.com/iov-one/blog-tutorial/x/custom/codec.pb.go:1701.20,1703.4 1 0
github.com/iov-one/blog-tutorial/x/custom/codec.pb.go:1704.20,1706.4 1 0
github.com/iov-one/blog-tutorial/x/custom/codec.pb.go:1708.10,1709.21 1 0
github.com/iov-one/blog-tutorial/x/custom/codec.pb.go:1712.4,1713.39 2 0
github.com/iov-one/blog-tutorial/x/custom/codec.pb.go:1727.4,1727.18 1 0
github.com/iov-one/blog-tutorial/x/custom/codec.pb.go:1730.4,1731.21 2 0
github.com/iov-one/blog-tutorial/x/custom/codec.pb.go:1734.4,1734.21 1 0
github.com/iov-one/blog-tutorial/x/custom/codec.pb.go:1737.4,1737.25 1 0
github.com/iov-one/blog-tutorial/x/custom/codec.pb.go:1740.4,1740.70 1 0
github.com/iov-one/blog-tutorial/x/custom/codec.pb.go:1743.4,1743.21 1 0
github.com/iov-one/blog-tutorial/x/custom/codec.pb.go:1744.10,1745.21 1 0
github.com/iov-one/blog-tutorial/x/custom/codec.pb.go:1748.4,1749.39 2 0
github.com/iov-one/blog-tutorial/x/custom/codec.pb.go:1763.4,1763.18 1 0
github.com/iov-one/blog-tutorial/x/custom/codec.pb.go:1766.4,1767.21 2 0
github.com/iov-one/blog-tutorial/x/custom/codec.pb.go:1770.4,1770.21 1 0
github.com/iov-one/blog-tutorial/x/custom/codec.pb.go:1773.4,1773.27 1 0
github.com/iov-one/blog-tutorial/x/custom/codec.pb.go:1776.4,1776.72 1 0
github.com/iov-one/blog-tutorial/x/custom/codec.pb.go:1779.4,1779.21 1 0
github.com/iov-one/blog-tutorial/x/custom/codec.pb.go:1780.10,1781.21 1 0
github.com/iov-one/blog-tutorial/x/custom/codec.pb.go:1784.4,1785.39 2 0
github.com/iov-one/blog-tutorial/x/custom/codec.pb.go:1799.4,1799.19 1 0
github.com/iov-one/blog-tutorial/x/custom/codec.pb.go:1802.4,1803.21 2 0
github.com/iov-one/blog-tutorial/x/custom/codec.pb.go:1806.4,1806.21 1 0
github.com/iov-one/blog-tutorial/x/custom/codec.pb.go:1809.4,1810.24 2 0
github.com/iov-one/blog-tutorial/x/custom/codec.pb.go:1813.4,1813.21 1 0
github.com/iov-one/blog-tutorial/x/custom/codec.pb.go:1814.11,1817.18 3 0
github.com/iov-one/blog-tutorial/x/custom/codec.pb.go:1820.4,1820.18 1 0
github.com/iov-one/blog-tutorial/x/custom/codec.pb.go:1823.4,1823.28 1 0
github.com/iov-one/blog-tutorial/x/custom/codec.pb.go:1826.4,1826.28 1 0
github.com/iov-one/blog-tutorial/x/custom/codec.pb.go:1829.4,1829.19 1 0
github.com/iov-one/blog-tutorial/x/custom/codec.pb.go:1709.21,1711.5 1 0
github.com/iov-one/blog-tutorial/x/custom/codec.pb.go:1713.39,1714.20 1 0
github.com/iov-one/blog-tutorial/x/custom/codec.pb.go:1717.5,1717.19 1 0
github.com/iov-one/blog-tutorial/x/custom/codec.pb.go:1720.5,1723.17 4 0
github.com/iov-one/blog-tutorial/x/custom/codec.pb.go:1714.20,1716.6 1 0
github.com/iov-one/blog-tutorial/x/custom/codec.pb.go:1717.19,1719.6 1 0
github.com/iov-one/blog-tutorial/x/custom/codec.pb.go:1723.17,1724.11 1 0
github.com/iov-one/blog-tutorial/x/custom/codec.pb.go:1727.18,1729.5 1 0
github.com/iov-one/blog-tutorial/x/custom/codec.pb.go:1731.21,1733.5 1 0
github.com/iov-one/blog-tutorial/x/custom/codec.pb.go:1734.21,1736.5 1 0
github.com/iov-one/blog-tutorial/x/custom/codec.pb.go:1737.25,1739.5 1 0
github.com/iov-one/blog-tutorial/x/custom/codec.pb.go:1740.70,1742.5 1 0
github.com/iov-one/blog-tutorial/x/custom/codec.pb.go:1745.21,1747.5 1 0
github.com/iov-one/blog-tutorial/x/custom/codec.pb.go:1749.39,1750.20 1 0
github.com/iov-one/blog-tutorial/x/custom/codec.pb.go:1753.5,1753.19 1 0
github.com/iov-one/blog-tutorial/x/custom/codec.pb.go:1756.5,1759.17 4 0
github.com/iov-one/blog-tutorial/x/custom/codec.pb.go:1750.20,1752.6 1 0
github.com/iov-one/blog-tutorial/x/custom/codec.pb.go:1753.19,1755.6 1 0
github.com/iov-one/blog-tutorial/x/custom/codec.pb.go:1759.17,1760.11 1 0
github.com/iov-one/blog-tutorial/x/custom/codec.pb.go:1763.18,1765.5 1 0
github.com/iov-one/blog-tutorial/x/custom/codec.pb.go:1767.21,1769.5 1 0
github.com/iov-one/blog-tutorial/x/custom/codec.pb.go:1770.21,1772.5 1 0
github.com/iov-one/blog-tutorial/x/custom/codec.pb.go:1773.27,1775.5 1 0
github.com/iov-one/blog-tutorial/x/custom/codec.pb.go:1776.72,1778.5 1 0
github.com/iov-one/blog-tutorial/x/custom/codec.pb.go:1781.21,1783.5 1 0
github.com/iov-one/blog-tutorial/x/custom/codec.pb.go:1785.39,1786.20 1 0
github.com/iov-one/blog-tutorial/x/custom/codec.pb.go:1789.5,1789.19 1 0
github.com/iov-one/blog-tutorial/x/custom/codec.pb.go:1792.5,1795.17 4 0
github.com/iov-one/blog-tutorial/x/custom/codec.pb.go:1786.20,1788.6 1 0
github.com/iov-one/blog-tutorial/x/custom/codec.pb.go:1789.19,1791.6 1 0
github.com/iov-one/blog-tutorial/x/custom/codec.pb.go:1795.17,1796.11 1 0
github.com/iov-one/blog-tutorial/x/custom/codec.pb.go:1799.19,1801.5 1 0
github.com/iov-one/blog-tutorial/x/custom/codec.pb.go:1803.21,1805.5 1 0
github.com/iov-one/blog-tutorial/x/custom/codec.pb.go:1806.21,1808.5 1 0
github.com/iov-one/blog-tutorial/x/custom/codec.pb.go:1810.24,1812.5 1 0
github.com/iov-one/blog-tutorial/x/custom/codec.pb.go:1817.18,1819.5 1 0
github.com/iov-one/blog-tutorial/x/custom/codec.pb.go:1820.18,1822.5 1 0
github.com/iov-one/blog-tutorial/x/custom/codec.pb.go:1823.28,1825.5 1 0
github.com/iov-one/blog-tutorial/x/custom/codec.pb.go:1826.28,1828.5 1 0
github.com/iov-one/blog-tutorial/x/custom/codec.pb.go:1833.15,1835.3 1 0
github.com/iov-one/blog-tutorial/x/custom/codec.pb.go:1838.48,1841.16 3 0
github.com/iov-one/blog-tutorial/x/custom/codec.pb.go:1941.2,1941.22 1 0
github.com/iov-one/blog-tutorial/x/custom/codec.pb.go:1841.16,1843.38 2 0
github.com/iov-one/blog-tutorial/x/custom/codec.pb.go:1857.3,1858.19 2 0
github.com/iov-one/blog-tutorial/x/custom/codec.pb.go:1843.38,1844.19 1 0
github.com/iov-one/blog-tutorial/x/custom/codec.pb.go:1847.4,1847.18 1 0
github.com/iov-one/blog-tutorial/x/custom/codec.pb.go:1850.4,1853.16 4 0
github.com/iov-one/blog-tutorial/x/custom/codec.pb.go:1844.19,1846.5 1 0
github.com/iov-one/blog-tutorial/x/custom/codec.pb.go:1847.18,1849.5 1 0
github.com/iov-one/blog-tutorial/x/custom/codec.pb.go:1853.16,1854.10 1 0
github.com/iov-one/blog-tutorial/x/custom/codec.pb.go:1859.10,1860.39 1 0
github.com/iov-one/blog-tutorial/x/custom/codec.pb.go:1872.4,1872.21 1 0
github.com/iov-one/blog-tutorial/x/custom/codec.pb.go:1873.10,1875.21 2 0
github.com/iov-one/blog-tutorial/x/custom/codec.pb.go:1876.10,1878.39 2 0
github.com/iov-one/blog-tutorial/x/custom/codec.pb.go:1892.4,1892.18 1 0
github.com/iov-one/blog-tutorial/x/custom/codec.pb.go:1895.4,1896.17 2 0
github.com/iov-one/blog-tutorial/x/custom/codec.pb.go:1899.4,1899.21 1 0
github.com/iov-one/blog-tutorial/x/custom/codec.pb.go:1900.10,1901.8 1 0
github.com/iov-one/blog-tutorial/x/custom/codec.pb.go:1931.4,1931.21 1 0
github.com/iov-one/blog-tutorial/x/custom/codec.pb.go:1932.10,1933.21 1 0
github.com/iov-one/blog-tutorial/x/custom/codec.pb.go:1934.10,1936.21 2 0
github.com/iov-one/blog-tutorial/x/custom/codec.pb.go:1937.11,1938.64 1 0
github.com/iov-one/blog-tutorial/x/custom/codec.pb.go:1860.39,1861.20 1 0
github.com/iov-one/blog-tutorial/x/custom/codec.pb.go:1864.5,1864.19 1 0
github.com/iov-one/blog-tutorial/x/custom/codec.pb.go:1867.5,1868.29 2 0
github.com/iov-one/blog-tutorial/x/custom/codec.pb.go:1861.20,1863.6 1 0
github.com/iov-one/blog-tutorial/x/custom/codec.pb.go:1864.19,1866.6 1 0
github.com/iov-one/blog-tutorial/x/custom/codec.pb.go:1868.29,1869.11 1 0
github.com/iov-one/blog-tutorial/x/custom/codec.pb.go:1878.39,1879.20 1 0
github.com/iov-one/blog-tutorial/x/custom/codec.pb.go:1882.5,1882.19 1 0
github.com/iov-one/blog-tutorial/x/custom/codec.pb.go:1885.5,1888.17 4 0
github.com/iov-one/blog-tutorial/x/custom/codec.pb.go:1879.20,1881.6 1 0
github.com/iov-one/blog-tutorial/x/custom/codec.pb.go:1882.19,1884.6 1 0
github.com/iov-one/blog-tutorial/x/custom/codec.pb.go:1888.17,1889.11 1 0
github.com/iov-one/blog-tutorial/x/custom/codec.pb.go:1892.18,1894.5 1 0
github.com/iov-one/blog-tutorial/x/custom/codec.pb.go:1896.17,1898.5 1 0
github.com/iov-one/blog-tutorial/x/custom/codec.pb.go:1901.8,1904.40 3 0
github.com/iov-one/blog-tutorial/x/custom/codec.pb.go:1918.5,1919.27 2 0
github.com/iov-one/blog-tutorial/x/custom/codec.pb.go:1922.5,1923.19 2 0
github.com/iov-one/blog-tutorial/x/custom/codec.pb.go:1926.5,1927.18 2 0
github.com/iov-one/blog-tutorial/x/custom/codec.pb.go:1904.40,1905.21 1 0
github.com/iov-one/blog-tutorial/x/custom/codec.pb.go:1908.6,1908.20 1 0
github.com/iov-one/blog-tutorial/x/custom/codec.pb.go:1911.6,1914.18 4 0
github.com/iov-one/blog-tutorial/x/custom/codec.pb.go:1905.21,1907.7 1 0
github.com/iov-one/blog-tutorial/x/custom/codec.pb.go:1908.20,1910.7 1 0
github.com/iov-one/blog-tutorial/x/custom/codec.pb.go:1914.18,1915.12 1 0
github.com/iov-one/blog-tutorial/x/custom/codec.pb.go:1919.27,1920.11 1 0
github.com/iov-one/blog-tutorial/x/custom/codec.pb.go:1923.19,1925.6 1 0
github.com/iov-one/blog-tutorial/x/custom/codec.pb.go:1927.18,1929.6 1 0
github.com/iov-one/blog-tutorial/x/custom/handler.go:18.42,21.2 2 0
github.com/iov-one/blog-tutorial/x/custom/handler.go:24.88,29.2 3 1
github.com/iov-one/blog-tutorial/x/custom/handler.go:36.3,38.2 1 1
github.com/iov-one/blog-tutorial/x/custom/handler.go:52.96,58.2 1 1
github.com/iov-one/blog-tutorial/x/custom/handler.go:61.123,64.48 2 1
github.com/iov-one/blog-tutorial/x/custom/handler.go:68.2,68.68 1 1
github.com/iov-one/blog-tutorial/x/custom/handler.go:72.2,72.18 1 1
github.com/iov-one/blog-tutorial/x/custom/handler.go:64.48,66.3 1 0
github.com/iov-one/blog-tutorial/x/custom/handler.go:68.68,70.3 1 1
github.com/iov-one/blog-tutorial/x/custom/handler.go:77.121,79.16 2 1
github.com/iov-one/blog-tutorial/x/custom/handler.go:83.2,83.60 1 1
github.com/iov-one/blog-tutorial/x/custom/handler.go:79.16,81.3 1 1
github.com/iov-one/blog-tutorial/x/custom/handler.go:87.125,90.16 2 1
github.com/iov-one/blog-tutorial/x/custom/handler.go:94.2,103.16 3 1
github.com/iov-one/blog-tutorial/x/custom/handler.go:107.2,107.45 1 1
github.com/iov-one/blog-tutorial/x/custom/handler.go:90.16,92.3 1 1
github.com/iov-one/blog-tutorial/x/custom/handler.go:103.16,105.3 1 0
github.com/iov-one/blog-tutorial/x/custom/handler.go:119.69,124.2 1 1
github.com/iov-one/blog-tutorial/x/custom/handler.go:127.123,130.48 2 1
github.com/iov-one/blog-tutorial/x/custom/handler.go:134.2,134.18 1 1
github.com/iov-one/blog-tutorial/x/custom/handler.go:130.48,132.3 1 1
github.com/iov-one/blog-tutorial/x/custom/handler.go:139.121,141.16 2 1
github.com/iov-one/blog-tutorial/x/custom/handler.go:145.2,145.60 1 1
github.com/iov-one/blog-tutorial/x/custom/handler.go:141.16,143.3 1 1
github.com/iov-one/blog-tutorial/x/custom/handler.go:149.125,152.16 2 1
github.com/iov-one/blog-tutorial/x/custom/handler.go:155.2,156.16 2 1
github.com/iov-one/blog-tutorial/x/custom/handler.go:160.2,160.36 1 1
github.com/iov-one/blog-tutorial/x/custom/handler.go:152.16,154.3 1 1
github.com/iov-one/blog-tutorial/x/custom/handler.go:156.16,158.3 1 0
github.com/iov-one/blog-tutorial/x/custom/handler.go:174.64,179.2 1 1
github.com/iov-one/blog-tutorial/x/custom/handler.go:182.113,185.48 2 1
github.com/iov-one/blog-tutorial/x/custom/handler.go:189.2,189.18 1 1
github.com/iov-one/blog-tutorial/x/custom/handler.go:185.48,187.3 1 1
github.com/iov-one/blog-tutorial/x/custom/handler.go:194.116,196.16 2 1
github.com/iov-one/blog-tutorial/x/custom/handler.go:200.2,200.60 1 1
github.com/iov-one/blog-tutorial/x/custom/handler.go:196.16,198.3 1 1
github.com/iov-one/blog-tutorial/x/custom/handler.go:204.120,207.16 2 1
github.com/iov-one/blog-tutorial/x/custom/handler.go:211.2,222.16 4 1
github.com/iov-one/blog-tutorial/x/custom/handler.go:226.2,226.45 1 1
github.com/iov-one/blog-tutorial/x/custom/handler.go:207.16,209.3 1 1
github.com/iov-one/blog-tutorial/x/custom/handler.go:222.16,224.3 1 0
github.com/iov-one/blog-tutorial/x/custom/model.go:9.13,14.2 2 1
github.com/iov-one/blog-tutorial/x/custom/model.go:19.39,24.19 4 1
github.com/iov-one/blog-tutorial/x/custom/model.go:27.2,27.94 1 1
github.com/iov-one/blog-tutorial/x/custom/model.go:31.2,31.21 1 1
github.com/iov-one/blog-tutorial/x/custom/model.go:36.2,36.13 1 1
github.com/iov-one/blog-tutorial/x/custom/model.go:24.19,26.3 1 1
github.com/iov-one/blog-tutorial/x/custom/model.go:27.94,29.3 1 1
github.com/iov-one/blog-tutorial/x/custom/model.go:31.21,33.3 1 1
github.com/iov-one/blog-tutorial/x/custom/model.go:33.8,33.53 1 1
github.com/iov-one/blog-tutorial/x/custom/model.go:33.53,35.3 1 0
github.com/iov-one/blog-tutorial/x/custom/model.go:40.47,48.2 1 1
github.com/iov-one/blog-tutorial/x/custom/model.go:53.34,57.25 3 1
github.com/iov-one/blog-tutorial/x/custom/model.go:60.2,61.47 2 1
github.com/iov-one/blog-tutorial/x/custom/model.go:67.2,67.13 1 1
github.com/iov-one/blog-tutorial/x/custom/model.go:57.25,59.3 1 1
github.com/iov-one/blog-tutorial/x/custom/model.go:61.47,63.3 1 0
github.com/iov-one/blog-tutorial/x/custom/model.go:63.8,63.29 1 1
github.com/iov-one/blog-tutorial/x/custom/model.go:63.29,65.3 1 1
github.com/iov-one/blog-tutorial/x/custom/model.go:71.42,78.2 1 0
github.com/iov-one/blog-tutorial/x/custom/model.go:80.34,81.15 1 1
github.com/iov-one/blog-tutorial/x/custom/model.go:84.2,86.12 3 0
github.com/iov-one/blog-tutorial/x/custom/model.go:81.15,83.3 1 1
github.com/iov-one/blog-tutorial/x/custom/msg.go:11.13,15.2 3 1
github.com/iov-one/blog-tutorial/x/custom/msg.go:20.42,22.2 1 1
github.com/iov-one/blog-tutorial/x/custom/msg.go:25.47,30.19 4 1
github.com/iov-one/blog-tutorial/x/custom/msg.go:33.2,33.94 1 1
github.com/iov-one/blog-tutorial/x/custom/msg.go:37.2,37.21 1 1
github.com/iov-one/blog-tutorial/x/custom/msg.go:42.2,42.13 1 1
github.com/iov-one/blog-tutorial/x/custom/msg.go:30.19,32.3 1 1
github.com/iov-one/blog-tutorial/x/custom/msg.go:33.94,35.3 1 1
github.com/iov-one/blog-tutorial/x/custom/msg.go:37.21,39.3 1 1
github.com/iov-one/blog-tutorial/x/custom/msg.go:39.8,39.53 1 1
github.com/iov-one/blog-tutorial/x/custom/msg.go:39.53,41.3 1 0
github.com/iov-one/blog-tutorial/x/custom/msg.go:48.42,50.2 1 1
github.com/iov-one/blog-tutorial/x/custom/msg.go:53.47,59.2 4 1
github.com/iov-one/blog-tutorial/x/custom/msg.go:64.37,66.2 1 1
github.com/iov-one/blog-tutorial/x/custom/msg.go:69.42,74.25 4 1
github.com/iov-one/blog-tutorial/x/custom/msg.go:77.2,77.13 1 1
github.com/iov-one/blog-tutorial/x/custom/msg.go:74.25,76.3 1 1
github.com/iov-one/blog-tutorial/x/custom/msg.go:82.31,83.18 1 1
github.com/iov-one/blog-tutorial/x/custom/msg.go:86.2,86.18 1 1
github.com/iov-one/blog-tutorial/x/custom/msg.go:89.2,89.12 1 1
github.com/iov-one/blog-tutorial/x/custom/msg.go:83.18,85.3 1 1
github.com/iov-one/blog-tutorial/x/custom/msg.go:86.18,88.3 1 1
github.com/iov-one/blog-tutorial/x/custom/msg.go:92.41,93.19 1 1
github.com/iov-one/blog-tutorial/x/custom/msg.go:96.2,96.37 1 1
github.com/iov-one/blog-tutorial/x/custom/msg.go:99.2,99.12 1 1
github.com/iov-one/blog-tutorial/x/custom/msg.go:93.19,95.3 1 1
github.com/iov-one/blog-tutorial/x/custom/msg.go:96.37,98.3 1 1
