mode: set
github.com/iov-one/blog-tutorial/cmd/customd/app/codec.pb.go:64.30,64.43 1 0
github.com/iov-one/blog-tutorial/cmd/customd/app/codec.pb.go:65.30,65.67 1 0
github.com/iov-one/blog-tutorial/cmd/customd/app/codec.pb.go:66.31,66.32 0 0
github.com/iov-one/blog-tutorial/cmd/customd/app/codec.pb.go:67.41,69.2 1 0
github.com/iov-one/blog-tutorial/cmd/customd/app/codec.pb.go:70.44,72.2 1 0
github.com/iov-one/blog-tutorial/cmd/customd/app/codec.pb.go:73.72,74.19 1 0
github.com/iov-one/blog-tutorial/cmd/customd/app/codec.pb.go:74.19,76.3 1 0
github.com/iov-one/blog-tutorial/cmd/customd/app/codec.pb.go:76.8,79.17 3 0
github.com/iov-one/blog-tutorial/cmd/customd/app/codec.pb.go:82.3,82.20 1 0
github.com/iov-one/blog-tutorial/cmd/customd/app/codec.pb.go:79.17,81.4 1 0
github.com/iov-one/blog-tutorial/cmd/customd/app/codec.pb.go:85.43,87.2 1 0
github.com/iov-one/blog-tutorial/cmd/customd/app/codec.pb.go:88.29,90.2 1 0
github.com/iov-one/blog-tutorial/cmd/customd/app/codec.pb.go:91.35,93.2 1 0
github.com/iov-one/blog-tutorial/cmd/customd/app/codec.pb.go:125.50,125.51 0 0
github.com/iov-one/blog-tutorial/cmd/customd/app/codec.pb.go:126.50,126.51 0 0
github.com/iov-one/blog-tutorial/cmd/customd/app/codec.pb.go:127.50,127.51 0 0
github.com/iov-one/blog-tutorial/cmd/customd/app/codec.pb.go:128.50,128.51 0 0
github.com/iov-one/blog-tutorial/cmd/customd/app/codec.pb.go:129.50,129.51 0 0
github.com/iov-one/blog-tutorial/cmd/customd/app/codec.pb.go:130.50,130.51 0 0
github.com/iov-one/blog-tutorial/cmd/customd/app/codec.pb.go:131.50,131.51 0 0
github.com/iov-one/blog-tutorial/cmd/customd/app/codec.pb.go:133.32,134.14 1 1
github.com/iov-one/blog-tutorial/cmd/customd/app/codec.pb.go:137.2,137.12 1 0
github.com/iov-one/blog-tutorial/cmd/customd/app/codec.pb.go:134.14,136.3 1 1
github.com/iov-one/blog-tutorial/cmd/customd/app/codec.pb.go:140.38,141.14 1 1
github.com/iov-one/blog-tutorial/cmd/customd/app/codec.pb.go:144.2,144.12 1 0
github.com/iov-one/blog-tutorial/cmd/customd/app/codec.pb.go:141.14,143.3 1 1
github.com/iov-one/blog-tutorial/cmd/customd/app/codec.pb.go:147.51,148.14 1 1
github.com/iov-one/blog-tutorial/cmd/customd/app/codec.pb.go:151.2,151.12 1 0
github.com/iov-one/blog-tutorial/cmd/customd/app/codec.pb.go:148.14,150.3 1 1
github.com/iov-one/blog-tutorial/cmd/customd/app/codec.pb.go:154.37,155.14 1 1
github.com/iov-one/blog-tutorial/cmd/customd/app/codec.pb.go:158.2,158.12 1 0
github.com/iov-one/blog-tutorial/cmd/customd/app/codec.pb.go:155.14,157.3 1 1
github.com/iov-one/blog-tutorial/cmd/customd/app/codec.pb.go:161.45,162.47 1 0
github.com/iov-one/blog-tutorial/cmd/customd/app/codec.pb.go:165.2,165.12 1 0
github.com/iov-one/blog-tutorial/cmd/customd/app/codec.pb.go:162.47,164.3 1 0
github.com/iov-one/blog-tutorial/cmd/customd/app/codec.pb.go:168.57,169.53 1 0
github.com/iov-one/blog-tutorial/cmd/customd/app/codec.pb.go:172.2,172.12 1 0
github.com/iov-one/blog-tutorial/cmd/customd/app/codec.pb.go:169.53,171.3 1 0
github.com/iov-one/blog-tutorial/cmd/customd/app/codec.pb.go:175.57,176.53 1 0
github.com/iov-one/blog-tutorial/cmd/customd/app/codec.pb.go:179.2,179.12 1 0
github.com/iov-one/blog-tutorial/cmd/customd/app/codec.pb.go:176.53,178.3 1 0
github.com/iov-one/blog-tutorial/cmd/customd/app/codec.pb.go:182.67,183.58 1 0
github.com/iov-one/blog-tutorial/cmd/customd/app/codec.pb.go:186.2,186.12 1 0
github.com/iov-one/blog-tutorial/cmd/customd/app/codec.pb.go:183.58,185.3 1 0
github.com/iov-one/blog-tutorial/cmd/customd/app/codec.pb.go:189.73,190.61 1 0
github.com/iov-one/blog-tutorial/cmd/customd/app/codec.pb.go:193.2,193.12 1 0
github.com/iov-one/blog-tutorial/cmd/customd/app/codec.pb.go:190.61,192.3 1 0
github.com/iov-one/blog-tutorial/cmd/customd/app/codec.pb.go:196.73,197.61 1 0
github.com/iov-one/blog-tutorial/cmd/customd/app/codec.pb.go:200.2,200.12 1 0
github.com/iov-one/blog-tutorial/cmd/customd/app/codec.pb.go:197.61,199.3 1 0
github.com/iov-one/blog-tutorial/cmd/customd/app/codec.pb.go:203.63,204.56 1 0
github.com/iov-one/blog-tutorial/cmd/customd/app/codec.pb.go:207.2,207.12 1 0
github.com/iov-one/blog-tutorial/cmd/customd/app/codec.pb.go:204.56,206.3 1 0
github.com/iov-one/blog-tutorial/cmd/customd/app/codec.pb.go:211.197,221.2 1 0
github.com/iov-one/blog-tutorial/cmd/customd/app/codec.pb.go:223.67,226.27 2 0
github.com/iov-one/blog-tutorial/cmd/customd/app/codec.pb.go:266.2,266.12 1 0
github.com/iov-one/blog-tutorial/cmd/customd/app/codec.pb.go:227.23,229.56 2 0
github.com/iov-one/blog-tutorial/cmd/customd/app/codec.pb.go:232.29,234.62 2 0
github.com/iov-one/blog-tutorial/cmd/customd/app/codec.pb.go:237.29,239.62 2 0
github.com/iov-one/blog-tutorial/cmd/customd/app/codec.pb.go:242.34,244.67 2 0
github.com/iov-one/blog-tutorial/cmd/customd/app/codec.pb.go:247.37,249.70 2 0
github.com/iov-one/blog-tutorial/cmd/customd/app/codec.pb.go:252.37,254.70 2 0
github.com/iov-one/blog-tutorial/cmd/customd/app/codec.pb.go:257.32,259.65 2 0
github.com/iov-one/blog-tutorial/cmd/customd/app/codec.pb.go:262.11,262.11 0 0
github.com/iov-one/blog-tutorial/cmd/customd/app/codec.pb.go:263.10,264.56 1 0
github.com/iov-one/blog-tutorial/cmd/customd/app/codec.pb.go:229.56,231.4 1 0
github.com/iov-one/blog-tutorial/cmd/customd/app/codec.pb.go:234.62,236.4 1 0
github.com/iov-one/blog-tutorial/cmd/customd/app/codec.pb.go:239.62,241.4 1 0
github.com/iov-one/blog-tutorial/cmd/customd/app/codec.pb.go:244.67,246.4 1 0
github.com/iov-one/blog-tutorial/cmd/customd/app/codec.pb.go:249.70,251.4 1 0
github.com/iov-one/blog-tutorial/cmd/customd/app/codec.pb.go:254.70,256.4 1 0
github.com/iov-one/blog-tutorial/cmd/customd/app/codec.pb.go:259.65,261.4 1 0
github.com/iov-one/blog-tutorial/cmd/customd/app/codec.pb.go:269.92,271.13 2 0
github.com/iov-one/blog-tutorial/cmd/customd/app/codec.pb.go:272.10,273.30 1 0
github.com/iov-one/blog-tutorial/cmd/customd/app/codec.pb.go:276.3,279.19 4 0
github.com/iov-one/blog-tutorial/cmd/customd/app/codec.pb.go:280.10,281.30 1 0
github.com/iov-one/blog-tutorial/cmd/customd/app/codec.pb.go:284.3,287.19 4 0
github.com/iov-one/blog-tutorial/cmd/customd/app/codec.pb.go:288.10,289.30 1 0
github.com/iov-one/blog-tutorial/cmd/customd/app/codec.pb.go:292.3,295.19 4 0
github.com/iov-one/blog-tutorial/cmd/customd/app/codec.pb.go:296.10,297.30 1 0
github.com/iov-one/blog-tutorial/cmd/customd/app/codec.pb.go:300.3,303.19 4 0
github.com/iov-one/blog-tutorial/cmd/customd/app/codec.pb.go:304.10,305.30 1 0
github.com/iov-one/blog-tutorial/cmd/customd/app/codec.pb.go:308.3,311.19 4 0
github.com/iov-one/blog-tutorial/cmd/customd/app/codec.pb.go:312.11,313.30 1 0
github.com/iov-one/blog-tutorial/cmd/customd/app/codec.pb.go:316.3,319.19 4 0
github.com/iov-one/blog-tutorial/cmd/customd/app/codec.pb.go:320.11,321.30 1 0
github.com/iov-one/blog-tutorial/cmd/customd/app/codec.pb.go:324.3,327.19 4 0
github.com/iov-one/blog-tutorial/cmd/customd/app/codec.pb.go:328.10,329.20 1 0
github.com/iov-one/blog-tutorial/cmd/customd/app/codec.pb.go:273.30,275.4 1 0
github.com/iov-one/blog-tutorial/cmd/customd/app/codec.pb.go:281.30,283.4 1 0
github.com/iov-one/blog-tutorial/cmd/customd/app/codec.pb.go:289.30,291.4 1 0
github.com/iov-one/blog-tutorial/cmd/customd/app/codec.pb.go:297.30,299.4 1 0
github.com/iov-one/blog-tutorial/cmd/customd/app/codec.pb.go:305.30,307.4 1 0
github.com/iov-one/blog-tutorial/cmd/customd/app/codec.pb.go:313.30,315.4 1 0
github.com/iov-one/blog-tutorial/cmd/customd/app/codec.pb.go:321.30,323.4 1 0
github.com/iov-one/blog-tutorial/cmd/customd/app/codec.pb.go:333.48,336.27 2 0
github.com/iov-one/blog-tutorial/cmd/customd/app/codec.pb.go:376.2,376.10 1 0
github.com/iov-one/blog-tutorial/cmd/customd/app/codec.pb.go:337.23,341.9 4 0
github.com/iov-one/blog-tutorial/cmd/customd/app/codec.pb.go:342.29,346.9 4 0
github.com/iov-one/blog-tutorial/cmd/customd/app/codec.pb.go:347.29,351.9 4 0
github.com/iov-one/blog-tutorial/cmd/customd/app/codec.pb.go:352.34,356.9 4 0
github.com/iov-one/blog-tutorial/cmd/customd/app/codec.pb.go:357.37,361.9 4 0
github.com/iov-one/blog-tutorial/cmd/customd/app/codec.pb.go:362.37,366.9 4 0
github.com/iov-one/blog-tutorial/cmd/customd/app/codec.pb.go:367.32,371.9 4 0
github.com/iov-one/blog-tutorial/cmd/customd/app/codec.pb.go:372.11,372.11 0 0
github.com/iov-one/blog-tutorial/cmd/customd/app/codec.pb.go:373.10,374.62 1 0
github.com/iov-one/blog-tutorial/cmd/customd/app/codec.pb.go:400.36,400.55 1 0
github.com/iov-one/blog-tutorial/cmd/customd/app/codec.pb.go:401.36,401.73 1 0
github.com/iov-one/blog-tutorial/cmd/customd/app/codec.pb.go:402.37,402.38 0 0
github.com/iov-one/blog-tutorial/cmd/customd/app/codec.pb.go:403.47,405.2 1 0
github.com/iov-one/blog-tutorial/cmd/customd/app/codec.pb.go:406.50,408.2 1 0
github.com/iov-one/blog-tutorial/cmd/customd/app/codec.pb.go:409.78,410.19 1 0
github.com/iov-one/blog-tutorial/cmd/customd/app/codec.pb.go:410.19,412.3 1 0
github.com/iov-one/blog-tutorial/cmd/customd/app/codec.pb.go:412.8,415.17 3 0
github.com/iov-one/blog-tutorial/cmd/customd/app/codec.pb.go:418.3,418.20 1 0
github.com/iov-one/blog-tutorial/cmd/customd/app/codec.pb.go:415.17,417.4 1 0
github.com/iov-one/blog-tutorial/cmd/customd/app/codec.pb.go:421.49,423.2 1 0
github.com/iov-one/blog-tutorial/cmd/customd/app/codec.pb.go:424.35,426.2 1 0
github.com/iov-one/blog-tutorial/cmd/customd/app/codec.pb.go:427.41,429.2 1 0
github.com/iov-one/blog-tutorial/cmd/customd/app/codec.pb.go:443.62,443.63 0 0
github.com/iov-one/blog-tutorial/cmd/customd/app/codec.pb.go:445.44,446.14 1 0
github.com/iov-one/blog-tutorial/cmd/customd/app/codec.pb.go:449.2,449.12 1 0
github.com/iov-one/blog-tutorial/cmd/customd/app/codec.pb.go:446.14,448.3 1 0
github.com/iov-one/blog-tutorial/cmd/customd/app/codec.pb.go:452.77,453.14 1 0
github.com/iov-one/blog-tutorial/cmd/customd/app/codec.pb.go:456.2,456.12 1 0
github.com/iov-one/blog-tutorial/cmd/customd/app/codec.pb.go:453.14,455.3 1 0
github.com/iov-one/blog-tutorial/cmd/customd/app/codec.pb.go:459.79,460.67 1 0
github.com/iov-one/blog-tutorial/cmd/customd/app/codec.pb.go:463.2,463.12 1 0
github.com/iov-one/blog-tutorial/cmd/customd/app/codec.pb.go:460.67,462.3 1 0
github.com/iov-one/blog-tutorial/cmd/customd/app/codec.pb.go:467.203,471.2 1 0
github.com/iov-one/blog-tutorial/cmd/customd/app/codec.pb.go:473.73,476.27 2 0
github.com/iov-one/blog-tutorial/cmd/customd/app/codec.pb.go:486.2,486.12 1 0
github.com/iov-one/blog-tutorial/cmd/customd/app/codec.pb.go:477.43,479.70 2 0
github.com/iov-one/blog-tutorial/cmd/customd/app/codec.pb.go:482.11,482.11 0 0
github.com/iov-one/blog-tutorial/cmd/customd/app/codec.pb.go:483.10,484.62 1 0
github.com/iov-one/blog-tutorial/cmd/customd/app/codec.pb.go:479.70,481.4 1 0
github.com/iov-one/blog-tutorial/cmd/customd/app/codec.pb.go:489.98,491.13 2 0
github.com/iov-one/blog-tutorial/cmd/customd/app/codec.pb.go:492.11,493.30 1 0
github.com/iov-one/blog-tutorial/cmd/customd/app/codec.pb.go:496.3,499.19 4 0
github.com/iov-one/blog-tutorial/cmd/customd/app/codec.pb.go:500.10,501.20 1 0
github.com/iov-one/blog-tutorial/cmd/customd/app/codec.pb.go:493.30,495.4 1 0
github.com/iov-one/blog-tutorial/cmd/customd/app/codec.pb.go:505.54,508.27 2 0
github.com/iov-one/blog-tutorial/cmd/customd/app/codec.pb.go:518.2,518.10 1 0
github.com/iov-one/blog-tutorial/cmd/customd/app/codec.pb.go:509.43,513.9 4 0
github.com/iov-one/blog-tutorial/cmd/customd/app/codec.pb.go:514.11,514.11 0 0
github.com/iov-one/blog-tutorial/cmd/customd/app/codec.pb.go:515.10,516.62 1 0
github.com/iov-one/blog-tutorial/cmd/customd/app/codec.pb.go:521.13,524.2 2 1
github.com/iov-one/blog-tutorial/cmd/customd/app/codec.pb.go:526.13,526.99 1 1
github.com/iov-one/blog-tutorial/cmd/customd/app/codec.pb.go:567.49,571.16 4 1
github.com/iov-one/blog-tutorial/cmd/customd/app/codec.pb.go:574.2,574.22 1 1
github.com/iov-one/blog-tutorial/cmd/customd/app/codec.pb.go:571.16,573.3 1 0
github.com/iov-one/blog-tutorial/cmd/customd/app/codec.pb.go:577.50,582.19 5 1
github.com/iov-one/blog-tutorial/cmd/customd/app/codec.pb.go:592.2,592.27 1 1
github.com/iov-one/blog-tutorial/cmd/customd/app/codec.pb.go:604.2,604.25 1 1
github.com/iov-one/blog-tutorial/cmd/customd/app/codec.pb.go:612.2,612.18 1 1
github.com/iov-one/blog-tutorial/cmd/customd/app/codec.pb.go:619.2,619.15 1 1
github.com/iov-one/blog-tutorial/cmd/customd/app/codec.pb.go:582.19,587.17 5 0
github.com/iov-one/blog-tutorial/cmd/customd/app/codec.pb.go:590.3,590.10 1 0
github.com/iov-one/blog-tutorial/cmd/customd/app/codec.pb.go:587.17,589.4 1 0
github.com/iov-one/blog-tutorial/cmd/customd/app/codec.pb.go:592.27,593.36 1 1
github.com/iov-one/blog-tutorial/cmd/customd/app/codec.pb.go:593.36,598.18 5 1
github.com/iov-one/blog-tutorial/cmd/customd/app/codec.pb.go:601.4,601.10 1 1
github.com/iov-one/blog-tutorial/cmd/customd/app/codec.pb.go:598.18,600.5 1 0
github.com/iov-one/blog-tutorial/cmd/customd/app/codec.pb.go:604.25,605.32 1 0
github.com/iov-one/blog-tutorial/cmd/customd/app/codec.pb.go:605.32,610.4 4 0
github.com/iov-one/blog-tutorial/cmd/customd/app/codec.pb.go:612.18,614.17 2 1
github.com/iov-one/blog-tutorial/cmd/customd/app/codec.pb.go:617.3,617.11 1 1
github.com/iov-one/blog-tutorial/cmd/customd/app/codec.pb.go:614.17,616.4 1 0
github.com/iov-one/blog-tutorial/cmd/customd/app/codec.pb.go:622.62,624.26 2 1
github.com/iov-one/blog-tutorial/cmd/customd/app/codec.pb.go:636.2,636.15 1 1
github.com/iov-one/blog-tutorial/cmd/customd/app/codec.pb.go:624.26,631.17 7 1
github.com/iov-one/blog-tutorial/cmd/customd/app/codec.pb.go:634.3,634.10 1 1
github.com/iov-one/blog-tutorial/cmd/customd/app/codec.pb.go:631.17,633.4 1 0
github.com/iov-one/blog-tutorial/cmd/customd/app/codec.pb.go:638.68,640.32 2 0
github.com/iov-one/blog-tutorial/cmd/customd/app/codec.pb.go:652.2,652.15 1 0
github.com/iov-one/blog-tutorial/cmd/customd/app/codec.pb.go:640.32,647.17 7 0
github.com/iov-one/blog-tutorial/cmd/customd/app/codec.pb.go:650.3,650.10 1 0
github.com/iov-one/blog-tutorial/cmd/customd/app/codec.pb.go:647.17,649.4 1 0
github.com/iov-one/blog-tutorial/cmd/customd/app/codec.pb.go:654.68,656.32 2 0
github.com/iov-one/blog-tutorial/cmd/customd/app/codec.pb.go:668.2,668.15 1 0
github.com/iov-one/blog-tutorial/cmd/customd/app/codec.pb.go:656.32,663.17 7 0
github.com/iov-one/blog-tutorial/cmd/customd/app/codec.pb.go:666.3,666.10 1 0
github.com/iov-one/blog-tutorial/cmd/customd/app/codec.pb.go:663.17,665.4 1 0
github.com/iov-one/blog-tutorial/cmd/customd/app/codec.pb.go:670.73,672.37 2 0
github.com/iov-one/blog-tutorial/cmd/customd/app/codec.pb.go:684.2,684.15 1 0
github.com/iov-one/blog-tutorial/cmd/customd/app/codec.pb.go:672.37,679.17 7 0
github.com/iov-one/blog-tutorial/cmd/customd/app/codec.pb.go:682.3,682.10 1 0
github.com/iov-one/blog-tutorial/cmd/customd/app/codec.pb.go:679.17,681.4 1 0
github.com/iov-one/blog-tutorial/cmd/customd/app/codec.pb.go:686.76,688.40 2 0
github.com/iov-one/blog-tutorial/cmd/customd/app/codec.pb.go:700.2,700.15 1 0
github.com/iov-one/blog-tutorial/cmd/customd/app/codec.pb.go:688.40,695.17 7 0
github.com/iov-one/blog-tutorial/cmd/customd/app/codec.pb.go:698.3,698.10 1 0
github.com/iov-one/blog-tutorial/cmd/customd/app/codec.pb.go:695.17,697.4 1 0
github.com/iov-one/blog-tutorial/cmd/customd/app/codec.pb.go:702.76,704.40 2 0
github.com/iov-one/blog-tutorial/cmd/customd/app/codec.pb.go:716.2,716.15 1 0
github.com/iov-one/blog-tutorial/cmd/customd/app/codec.pb.go:704.40,711.17 7 0
github.com/iov-one/blog-tutorial/cmd/customd/app/codec.pb.go:714.3,714.10 1 0
github.com/iov-one/blog-tutorial/cmd/customd/app/codec.pb.go:711.17,713.4 1 0
github.com/iov-one/blog-tutorial/cmd/customd/app/codec.pb.go:718.71,720.35 2 0
github.com/iov-one/blog-tutorial/cmd/customd/app/codec.pb.go:732.2,732.15 1 0
github.com/iov-one/blog-tutorial/cmd/customd/app/codec.pb.go:720.35,727.17 7 0
github.com/iov-one/blog-tutorial/cmd/customd/app/codec.pb.go:730.3,730.10 1 0
github.com/iov-one/blog-tutorial/cmd/customd/app/codec.pb.go:727.17,729.4 1 0
github.com/iov-one/blog-tutorial/cmd/customd/app/codec.pb.go:734.55,738.16 4 0
github.com/iov-one/blog-tutorial/cmd/customd/app/codec.pb.go:741.2,741.22 1 0
github.com/iov-one/blog-tutorial/cmd/customd/app/codec.pb.go:738.16,740.3 1 0
github.com/iov-one/blog-tutorial/cmd/customd/app/codec.pb.go:744.56,749.31 5 0
github.com/iov-one/blog-tutorial/cmd/customd/app/codec.pb.go:757.2,757.18 1 0
github.com/iov-one/blog-tutorial/cmd/customd/app/codec.pb.go:764.2,764.15 1 0
github.com/iov-one/blog-tutorial/cmd/customd/app/codec.pb.go:749.31,750.38 1 0
github.com/iov-one/blog-tutorial/cmd/customd/app/codec.pb.go:750.38,755.4 4 0
github.com/iov-one/blog-tutorial/cmd/customd/app/codec.pb.go:757.18,759.17 2 0
github.com/iov-one/blog-tutorial/cmd/customd/app/codec.pb.go:762.3,762.12 1 0
github.com/iov-one/blog-tutorial/cmd/customd/app/codec.pb.go:759.17,761.4 1 0
github.com/iov-one/blog-tutorial/cmd/customd/app/codec.pb.go:767.82,769.40 2 0
github.com/iov-one/blog-tutorial/cmd/customd/app/codec.pb.go:781.2,781.15 1 0
github.com/iov-one/blog-tutorial/cmd/customd/app/codec.pb.go:769.40,776.17 7 0
github.com/iov-one/blog-tutorial/cmd/customd/app/codec.pb.go:779.3,779.11 1 0
github.com/iov-one/blog-tutorial/cmd/customd/app/codec.pb.go:776.17,778.4 1 0
github.com/iov-one/blog-tutorial/cmd/customd/app/codec.pb.go:783.63,784.16 1 1
github.com/iov-one/blog-tutorial/cmd/customd/app/codec.pb.go:789.2,790.19 2 1
github.com/iov-one/blog-tutorial/cmd/customd/app/codec.pb.go:784.16,788.3 3 0
github.com/iov-one/blog-tutorial/cmd/customd/app/codec.pb.go:792.29,793.14 1 1
github.com/iov-one/blog-tutorial/cmd/customd/app/codec.pb.go:796.2,798.19 3 1
github.com/iov-one/blog-tutorial/cmd/customd/app/codec.pb.go:802.2,802.27 1 1
github.com/iov-one/blog-tutorial/cmd/customd/app/codec.pb.go:808.2,808.25 1 1
github.com/iov-one/blog-tutorial/cmd/customd/app/codec.pb.go:814.2,814.18 1 1
github.com/iov-one/blog-tutorial/cmd/customd/app/codec.pb.go:817.2,817.10 1 1
github.com/iov-one/blog-tutorial/cmd/customd/app/codec.pb.go:793.14,795.3 1 0
github.com/iov-one/blog-tutorial/cmd/customd/app/codec.pb.go:798.19,801.3 2 0
github.com/iov-one/blog-tutorial/cmd/customd/app/codec.pb.go:802.27,803.34 1 1
github.com/iov-one/blog-tutorial/cmd/customd/app/codec.pb.go:803.34,806.4 2 1
github.com/iov-one/blog-tutorial/cmd/customd/app/codec.pb.go:808.25,809.32 1 0
github.com/iov-one/blog-tutorial/cmd/customd/app/codec.pb.go:809.32,812.4 2 0
github.com/iov-one/blog-tutorial/cmd/customd/app/codec.pb.go:814.18,816.3 1 1
github.com/iov-one/blog-tutorial/cmd/customd/app/codec.pb.go:820.41,821.14 1 1
github.com/iov-one/blog-tutorial/cmd/customd/app/codec.pb.go:824.2,826.26 3 1
github.com/iov-one/blog-tutorial/cmd/customd/app/codec.pb.go:830.2,830.10 1 1
github.com/iov-one/blog-tutorial/cmd/customd/app/codec.pb.go:821.14,823.3 1 0
github.com/iov-one/blog-tutorial/cmd/customd/app/codec.pb.go:826.26,829.3 2 1
github.com/iov-one/blog-tutorial/cmd/customd/app/codec.pb.go:832.47,833.14 1 0
github.com/iov-one/blog-tutorial/cmd/customd/app/codec.pb.go:836.2,838.32 3 0
github.com/iov-one/blog-tutorial/cmd/customd/app/codec.pb.go:842.2,842.10 1 0
github.com/iov-one/blog-tutorial/cmd/customd/app/codec.pb.go:833.14,835.3 1 0
github.com/iov-one/blog-tutorial/cmd/customd/app/codec.pb.go:838.32,841.3 2 0
github.com/iov-one/blog-tutorial/cmd/customd/app/codec.pb.go:844.47,845.14 1 0
github.com/iov-one/blog-tutorial/cmd/customd/app/codec.pb.go:848.2,850.32 3 0
github.com/iov-one/blog-tutorial/cmd/customd/app/codec.pb.go:854.2,854.10 1 0
github.com/iov-one/blog-tutorial/cmd/customd/app/codec.pb.go:845.14,847.3 1 0
github.com/iov-one/blog-tutorial/cmd/customd/app/codec.pb.go:850.32,853.3 2 0
github.com/iov-one/blog-tutorial/cmd/customd/app/codec.pb.go:856.52,857.14 1 0
github.com/iov-one/blog-tutorial/cmd/customd/app/codec.pb.go:860.2,862.37 3 0
github.com/iov-one/blog-tutorial/cmd/customd/app/codec.pb.go:866.2,866.10 1 0
github.com/iov-one/blog-tutorial/cmd/customd/app/codec.pb.go:857.14,859.3 1 0
github.com/iov-one/blog-tutorial/cmd/customd/app/codec.pb.go:862.37,865.3 2 0
github.com/iov-one/blog-tutorial/cmd/customd/app/codec.pb.go:868.55,869.14 1 0
github.com/iov-one/blog-tutorial/cmd/customd/app/codec.pb.go:872.2,874.40 3 0
github.com/iov-one/blog-tutorial/cmd/customd/app/codec.pb.go:878.2,878.10 1 0
github.com/iov-one/blog-tutorial/cmd/customd/app/codec.pb.go:869.14,871.3 1 0
github.com/iov-one/blog-tutorial/cmd/customd/app/codec.pb.go:874.40,877.3 2 0
github.com/iov-one/blog-tutorial/cmd/customd/app/codec.pb.go:880.55,881.14 1 0
github.com/iov-one/blog-tutorial/cmd/customd/app/codec.pb.go:884.2,886.40 3 0
github.com/iov-one/blog-tutorial/cmd/customd/app/codec.pb.go:890.2,890.10 1 0
github.com/iov-one/blog-tutorial/cmd/customd/app/codec.pb.go:881.14,883.3 1 0
github.com/iov-one/blog-tutorial/cmd/customd/app/codec.pb.go:886.40,889.3 2 0
github.com/iov-one/blog-tutorial/cmd/customd/app/codec.pb.go:892.50,893.14 1 0
github.com/iov-one/blog-tutorial/cmd/customd/app/codec.pb.go:896.2,898.35 3 0
github.com/iov-one/blog-tutorial/cmd/customd/app/codec.pb.go:902.2,902.10 1 0
github.com/iov-one/blog-tutorial/cmd/customd/app/codec.pb.go:893.14,895.3 1 0
github.com/iov-one/blog-tutorial/cmd/customd/app/codec.pb.go:898.35,901.3 2 0
github.com/iov-one/blog-tutorial/cmd/customd/app/codec.pb.go:904.35,905.14 1 0
github.com/iov-one/blog-tutorial/cmd/customd/app/codec.pb.go:908.2,910.31 3 0
github.com/iov-one/blog-tutorial/cmd/customd/app/codec.pb.go:916.2,916.18 1 0
github.com/iov-one/blog-tutorial/cmd/customd/app/codec.pb.go:919.2,919.10 1 0
github.com/iov-one/blog-tutorial/cmd/customd/app/codec.pb.go:905.14,907.3 1 0
github.com/iov-one/blog-tutorial/cmd/customd/app/codec.pb.go:910.31,911.38 1 0
github.com/iov-one/blog-tutorial/cmd/customd/app/codec.pb.go:911.38,914.4 2 0
github.com/iov-one/blog-tutorial/cmd/customd/app/codec.pb.go:916.18,918.3 1 0
github.com/iov-one/blog-tutorial/cmd/customd/app/codec.pb.go:922.61,923.14 1 0
github.com/iov-one/blog-tutorial/cmd/customd/app/codec.pb.go:926.2,928.40 3 0
github.com/iov-one/blog-tutorial/cmd/customd/app/codec.pb.go:932.2,932.10 1 0
github.com/iov-one/blog-tutorial/cmd/customd/app/codec.pb.go:923.14,925.3 1 0
github.com/iov-one/blog-tutorial/cmd/customd/app/codec.pb.go:928.40,931.3 2 0
github.com/iov-one/blog-tutorial/cmd/customd/app/codec.pb.go:935.33,936.6 1 1
github.com/iov-one/blog-tutorial/cmd/customd/app/codec.pb.go:943.2,943.10 1 1
github.com/iov-one/blog-tutorial/cmd/customd/app/codec.pb.go:936.6,939.13 3 1
github.com/iov-one/blog-tutorial/cmd/customd/app/codec.pb.go:939.13,940.9 1 1
github.com/iov-one/blog-tutorial/cmd/customd/app/codec.pb.go:945.33,947.2 1 0
github.com/iov-one/blog-tutorial/cmd/customd/app/codec.pb.go:948.43,951.16 3 1
github.com/iov-one/blog-tutorial/cmd/customd/app/codec.pb.go:1343.2,1343.15 1 1
github.com/iov-one/blog-tutorial/cmd/customd/app/codec.pb.go:1346.2,1346.12 1 1
github.com/iov-one/blog-tutorial/cmd/customd/app/codec.pb.go:951.16,954.38 3 1
github.com/iov-one/blog-tutorial/cmd/customd/app/codec.pb.go:968.3,970.20 3 1
github.com/iov-one/blog-tutorial/cmd/customd/app/codec.pb.go:973.3,973.20 1 1
github.com/iov-one/blog-tutorial/cmd/customd/app/codec.pb.go:976.3,976.19 1 1
github.com/iov-one/blog-tutorial/cmd/customd/app/codec.pb.go:954.38,955.19 1 1
github.com/iov-one/blog-tutorial/cmd/customd/app/codec.pb.go:958.4,958.18 1 1
github.com/iov-one/blog-tutorial/cmd/customd/app/codec.pb.go:961.4,964.16 4 1
github.com/iov-one/blog-tutorial/cmd/customd/app/codec.pb.go:955.19,957.5 1 0
github.com/iov-one/blog-tutorial/cmd/customd/app/codec.pb.go:958.18,960.5 1 0
github.com/iov-one/blog-tutorial/cmd/customd/app/codec.pb.go:964.16,965.10 1 1
github.com/iov-one/blog-tutorial/cmd/customd/app/codec.pb.go:970.20,972.4 1 0
github.com/iov-one/blog-tutorial/cmd/customd/app/codec.pb.go:973.20,975.4 1 0
github.com/iov-one/blog-tutorial/cmd/customd/app/codec.pb.go:977.10,978.21 1 0
github.com/iov-one/blog-tutorial/cmd/customd/app/codec.pb.go:981.4,982.39 2 0
github.com/iov-one/blog-tutorial/cmd/customd/app/codec.pb.go:996.4,996.18 1 0
github.com/iov-one/blog-tutorial/cmd/customd/app/codec.pb.go:999.4,1000.21 2 0
github.com/iov-one/blog-tutorial/cmd/customd/app/codec.pb.go:1003.4,1003.21 1 0
github.com/iov-one/blog-tutorial/cmd/customd/app/codec.pb.go:1006.4,1006.21 1 0
github.com/iov-one/blog-tutorial/cmd/customd/app/codec.pb.go:1009.4,1009.66 1 0
github.com/iov-one/blog-tutorial/cmd/customd/app/codec.pb.go:1012.4,1012.21 1 0
github.com/iov-one/blog-tutorial/cmd/customd/app/codec.pb.go:1013.10,1014.21 1 1
github.com/iov-one/blog-tutorial/cmd/customd/app/codec.pb.go:1017.4,1018.39 2 1
github.com/iov-one/blog-tutorial/cmd/customd/app/codec.pb.go:1032.4,1032.18 1 1
github.com/iov-one/blog-tutorial/cmd/customd/app/codec.pb.go:1035.4,1036.21 2 1
github.com/iov-one/blog-tutorial/cmd/customd/app/codec.pb.go:1039.4,1039.21 1 1
github.com/iov-one/blog-tutorial/cmd/customd/app/codec.pb.go:1042.4,1043.93 2 1
github.com/iov-one/blog-tutorial/cmd/customd/app/codec.pb.go:1046.4,1046.21 1 1
github.com/iov-one/blog-tutorial/cmd/customd/app/codec.pb.go:1047.10,1048.21 1 0
github.com/iov-one/blog-tutorial/cmd/customd/app/codec.pb.go:1051.4,1052.39 2 0
github.com/iov-one/blog-tutorial/cmd/customd/app/codec.pb.go:1066.4,1066.19 1 0
github.com/iov-one/blog-tutorial/cmd/customd/app/codec.pb.go:1069.4,1070.21 2 0
github.com/iov-one/blog-tutorial/cmd/customd/app/codec.pb.go:1073.4,1073.21 1 0
github.com/iov-one/blog-tutorial/cmd/customd/app/codec.pb.go:1076.4,1078.21 3 0
github.com/iov-one/blog-tutorial/cmd/customd/app/codec.pb.go:1079.11,1080.21 1 1
github.com/iov-one/blog-tutorial/cmd/customd/app/codec.pb.go:1083.4,1084.39 2 1
github.com/iov-one/blog-tutorial/cmd/customd/app/codec.pb.go:1098.4,1098.18 1 1
github.com/iov-one/blog-tutorial/cmd/customd/app/codec.pb.go:1101.4,1102.21 2 1
github.com/iov-one/blog-tutorial/cmd/customd/app/codec.pb.go:1105.4,1105.21 1 1
github.com/iov-one/blog-tutorial/cmd/customd/app/codec.pb.go:1108.4,1109.61 2 1
github.com/iov-one/blog-tutorial/cmd/customd/app/codec.pb.go:1112.4,1113.21 2 1
github.com/iov-one/blog-tutorial/cmd/customd/app/codec.pb.go:1114.11,1115.21 1 0
github.com/iov-one/blog-tutorial/cmd/customd/app/codec.pb.go:1118.4,1119.39 2 0
github.com/iov-one/blog-tutorial/cmd/customd/app/codec.pb.go:1133.4,1133.18 1 0
github.com/iov-one/blog-tutorial/cmd/customd/app/codec.pb.go:1136.4,1137.21 2 0
github.com/iov-one/blog-tutorial/cmd/customd/app/codec.pb.go:1140.4,1140.21 1 0
github.com/iov-one/blog-tutorial/cmd/customd/app/codec.pb.go:1143.4,1144.61 2 0
github.com/iov-one/blog-tutorial/cmd/customd/app/codec.pb.go:1147.4,1148.21 2 0
github.com/iov-one/blog-tutorial/cmd/customd/app/codec.pb.go:1149.11,1150.21 1 0
github.com/iov-one/blog-tutorial/cmd/customd/app/codec.pb.go:1153.4,1154.39 2 0
github.com/iov-one/blog-tutorial/cmd/customd/app/codec.pb.go:1168.4,1168.18 1 0
github.com/iov-one/blog-tutorial/cmd/customd/app/codec.pb.go:1171.4,1172.21 2 0
github.com/iov-one/blog-tutorial/cmd/customd/app/codec.pb.go:1175.4,1175.21 1 0
github.com/iov-one/blog-tutorial/cmd/customd/app/codec.pb.go:1178.4,1179.61 2 0
github.com/iov-one/blog-tutorial/cmd/customd/app/codec.pb.go:1182.4,1183.21 2 0
github.com/iov-one/blog-tutorial/cmd/customd/app/codec.pb.go:1184.11,1185.21 1 0
github.com/iov-one/blog-tutorial/cmd/customd/app/codec.pb.go:1188.4,1189.39 2 0
github.com/iov-one/blog-tutorial/cmd/customd/app/codec.pb.go:1203.4,1203.18 1 0
github.com/iov-one/blog-tutorial/cmd/customd/app/codec.pb.go:1206.4,1207.21 2 0
github.com/iov-one/blog-tutorial/cmd/customd/app/codec.pb.go:1210.4,1210.21 1 0
github.com/iov-one/blog-tutorial/cmd/customd/app/codec.pb.go:1213.4,1214.61 2 0
github.com/iov-one/blog-tutorial/cmd/customd/app/codec.pb.go:1217.4,1218.21 2 0
github.com/iov-one/blog-tutorial/cmd/customd/app/codec.pb.go:1219.11,1220.21 1 0
github.com/iov-one/blog-tutorial/cmd/customd/app/codec.pb.go:1223.4,1224.39 2 0
github.com/iov-one/blog-tutorial/cmd/customd/app/codec.pb.go:1238.4,1238.18 1 0
github.com/iov-one/blog-tutorial/cmd/customd/app/codec.pb.go:1241.4,1242.21 2 0
github.com/iov-one/blog-tutorial/cmd/customd/app/codec.pb.go:1245.4,1245.21 1 0
github.com/iov-one/blog-tutorial/cmd/customd/app/codec.pb.go:1248.4,1249.61 2 0
github.com/iov-one/blog-tutorial/cmd/customd/app/codec.pb.go:1252.4,1253.21 2 0
github.com/iov-one/blog-tutorial/cmd/customd/app/codec.pb.go:1254.12,1255.21 1 0
github.com/iov-one/blog-tutorial/cmd/customd/app/codec.pb.go:1258.4,1259.39 2 0
github.com/iov-one/blog-tutorial/cmd/customd/app/codec.pb.go:1273.4,1273.18 1 0
github.com/iov-one/blog-tutorial/cmd/customd/app/codec.pb.go:1276.4,1277.21 2 0
github.com/iov-one/blog-tutorial/cmd/customd/app/codec.pb.go:1280.4,1280.21 1 0
github.com/iov-one/blog-tutorial/cmd/customd/app/codec.pb.go:1283.4,1284.61 2 0
github.com/iov-one/blog-tutorial/cmd/customd/app/codec.pb.go:1287.4,1288.21 2 0
github.com/iov-one/blog-tutorial/cmd/customd/app/codec.pb.go:1289.12,1290.21 1 0
github.com/iov-one/blog-tutorial/cmd/customd/app/codec.pb.go:1293.4,1294.39 2 0
github.com/iov-one/blog-tutorial/cmd/customd/app/codec.pb.go:1308.4,1308.18 1 0
github.com/iov-one/blog-tutorial/cmd/customd/app/codec.pb.go:1311.4,1312.21 2 0
github.com/iov-one/blog-tutorial/cmd/customd/app/codec.pb.go:1315.4,1315.21 1 0
github.com/iov-one/blog-tutorial/cmd/customd/app/codec.pb.go:1318.4,1319.61 2 0
github.com/iov-one/blog-tutorial/cmd/customd/app/codec.pb.go:1322.4,1323.21 2 0
github.com/iov-one/blog-tutorial/cmd/customd/app/codec.pb.go:1324.11,1327.18 3 0
github.com/iov-one/blog-tutorial/cmd/customd/app/codec.pb.go:1330.4,1330.18 1 0
github.com/iov-one/blog-tutorial/cmd/customd/app/codec.pb.go:1333.4,1333.28 1 0
github.com/iov-one/blog-tutorial/cmd/customd/app/codec.pb.go:1336.4,1336.28 1 0
github.com/iov-one/blog-tutorial/cmd/customd/app/codec.pb.go:1339.4,1339.19 1 0
github.com/iov-one/blog-tutorial/cmd/customd/app/codec.pb.go:978.21,980.5 1 0
github.com/iov-one/blog-tutorial/cmd/customd/app/codec.pb.go:982.39,983.20 1 0
github.com/iov-one/blog-tutorial/cmd/customd/app/codec.pb.go:986.5,986.19 1 0
github.com/iov-one/blog-tutorial/cmd/customd/app/codec.pb.go:989.5,992.17 4 0
github.com/iov-one/blog-tutorial/cmd/customd/app/codec.pb.go:983.20,985.6 1 0
github.com/iov-one/blog-tutorial/cmd/customd/app/codec.pb.go:986.19,988.6 1 0
github.com/iov-one/blog-tutorial/cmd/customd/app/codec.pb.go:992.17,993.11 1 0
github.com/iov-one/blog-tutorial/cmd/customd/app/codec.pb.go:996.18,998.5 1 0
github.com/iov-one/blog-tutorial/cmd/customd/app/codec.pb.go:1000.21,1002.5 1 0
github.com/iov-one/blog-tutorial/cmd/customd/app/codec.pb.go:1003.21,1005.5 1 0
github.com/iov-one/blog-tutorial/cmd/customd/app/codec.pb.go:1006.21,1008.5 1 0
github.com/iov-one/blog-tutorial/cmd/customd/app/codec.pb.go:1009.66,1011.5 1 0
github.com/iov-one/blog-tutorial/cmd/customd/app/codec.pb.go:1014.21,1016.5 1 0
github.com/iov-one/blog-tutorial/cmd/customd/app/codec.pb.go:1018.39,1019.20 1 1
github.com/iov-one/blog-tutorial/cmd/customd/app/codec.pb.go:1022.5,1022.19 1 1
github.com/iov-one/blog-tutorial/cmd/customd/app/codec.pb.go:1025.5,1028.17 4 1
github.com/iov-one/blog-tutorial/cmd/customd/app/codec.pb.go:1019.20,1021.6 1 0
github.com/iov-one/blog-tutorial/cmd/customd/app/codec.pb.go:1022.19,1024.6 1 0
github.com/iov-one/blog-tutorial/cmd/customd/app/codec.pb.go:1028.17,1029.11 1 1
github.com/iov-one/blog-tutorial/cmd/customd/app/codec.pb.go:1032.18,1034.5 1 0
github.com/iov-one/blog-tutorial/cmd/customd/app/codec.pb.go:1036.21,1038.5 1 0
github.com/iov-one/blog-tutorial/cmd/customd/app/codec.pb.go:1039.21,1041.5 1 0
github.com/iov-one/blog-tutorial/cmd/customd/app/codec.pb.go:1043.93,1045.5 1 0
github.com/iov-one/blog-tutorial/cmd/customd/app/codec.pb.go:1048.21,1050.5 1 0
github.com/iov-one/blog-tutorial/cmd/customd/app/codec.pb.go:1052.39,1053.20 1 0
github.com/iov-one/blog-tutorial/cmd/customd/app/codec.pb.go:1056.5,1056.19 1 0
github.com/iov-one/blog-tutorial/cmd/customd/app/codec.pb.go:1059.5,1062.17 4 0
github.com/iov-one/blog-tutorial/cmd/customd/app/codec.pb.go:1053.20,1055.6 1 0
github.com/iov-one/blog-tutorial/cmd/customd/app/codec.pb.go:1056.19,1058.6 1 0
github.com/iov-one/blog-tutorial/cmd/customd/app/codec.pb.go:1062.17,1063.11 1 0
github.com/iov-one/blog-tutorial/cmd/customd/app/codec.pb.go:1066.19,1068.5 1 0
github.com/iov-one/blog-tutorial/cmd/customd/app/codec.pb.go:1070.21,1072.5 1 0
github.com/iov-one/blog-tutorial/cmd/customd/app/codec.pb.go:1073.21,1075.5 1 0
github.com/iov-one/blog-tutorial/cmd/customd/app/codec.pb.go:1080.21,1082.5 1 0
github.com/iov-one/blog-tutorial/cmd/customd/app/codec.pb.go:1084.39,1085.20 1 1
github.com/iov-one/blog-tutorial/cmd/customd/app/codec.pb.go:1088.5,1088.19 1 1
github.com/iov-one/blog-tutorial/cmd/customd/app/codec.pb.go:1091.5,1094.17 4 1
github.com/iov-one/blog-tutorial/cmd/customd/app/codec.pb.go:1085.20,1087.6 1 0
github.com/iov-one/blog-tutorial/cmd/customd/app/codec.pb.go:1088.19,1090.6 1 0
github.com/iov-one/blog-tutorial/cmd/customd/app/codec.pb.go:1094.17,1095.11 1 1
github.com/iov-one/blog-tutorial/cmd/customd/app/codec.pb.go:1098.18,1100.5 1 0
github.com/iov-one/blog-tutorial/cmd/customd/app/codec.pb.go:1102.21,1104.5 1 0
github.com/iov-one/blog-tutorial/cmd/customd/app/codec.pb.go:1105.21,1107.5 1 0
github.com/iov-one/blog-tutorial/cmd/customd/app/codec.pb.go:1109.61,1111.5 1 0
github.com/iov-one/blog-tutorial/cmd/customd/app/codec.pb.go:1115.21,1117.5 1 0
github.com/iov-one/blog-tutorial/cmd/customd/app/codec.pb.go:1119.39,1120.20 1 0
github.com/iov-one/blog-tutorial/cmd/customd/app/codec.pb.go:1123.5,1123.19 1 0
github.com/iov-one/blog-tutorial/cmd/customd/app/codec.pb.go:1126.5,1129.17 4 0
github.com/iov-one/blog-tutorial/cmd/customd/app/codec.pb.go:1120.20,1122.6 1 0
github.com/iov-one/blog-tutorial/cmd/customd/app/codec.pb.go:1123.19,1125.6 1 0
github.com/iov-one/blog-tutorial/cmd/customd/app/codec.pb.go:1129.17,1130.11 1 0
github.com/iov-one/blog-tutorial/cmd/customd/app/codec.pb.go:1133.18,1135.5 1 0
github.com/iov-one/blog-tutorial/cmd/customd/app/codec.pb.go:1137.21,1139.5 1 0
github.com/iov-one/blog-tutorial/cmd/customd/app/codec.pb.go:1140.21,1142.5 1 0
github.com/iov-one/blog-tutorial/cmd/customd/app/codec.pb.go:1144.61,1146.5 1 0
github.com/iov-one/blog-tutorial/cmd/customd/app/codec.pb.go:1150.21,1152.5 1 0
github.com/iov-one/blog-tutorial/cmd/customd/app/codec.pb.go:1154.39,1155.20 1 0
github.com/iov-one/blog-tutorial/cmd/customd/app/codec.pb.go:1158.5,1158.19 1 0
github.com/iov-one/blog-tutorial/cmd/customd/app/codec.pb.go:1161.5,1164.17 4 0
github.com/iov-one/blog-tutorial/cmd/customd/app/codec.pb.go:1155.20,1157.6 1 0
github.com/iov-one/blog-tutorial/cmd/customd/app/codec.pb.go:1158.19,1160.6 1 0
github.com/iov-one/blog-tutorial/cmd/customd/app/codec.pb.go:1164.17,1165.11 1 0
github.com/iov-one/blog-tutorial/cmd/customd/app/codec.pb.go:1168.18,1170.5 1 0
github.com/iov-one/blog-tutorial/cmd/customd/app/codec.pb.go:1172.21,1174.5 1 0
github.com/iov-one/blog-tutorial/cmd/customd/app/codec.pb.go:1175.21,1177.5 1 0
github.com/iov-one/blog-tutorial/cmd/customd/app/codec.pb.go:1179.61,1181.5 1 0
github.com/iov-one/blog-tutorial/cmd/customd/app/codec.pb.go:1185.21,1187.5 1 0
github.com/iov-one/blog-tutorial/cmd/customd/app/codec.pb.go:1189.39,1190.20 1 0
github.com/iov-one/blog-tutorial/cmd/customd/app/codec.pb.go:1193.5,1193.19 1 0
github.com/iov-one/blog-tutorial/cmd/customd/app/codec.pb.go:1196.5,1199.17 4 0
github.com/iov-one/blog-tutorial/cmd/customd/app/codec.pb.go:1190.20,1192.6 1 0
github.com/iov-one/blog-tutorial/cmd/customd/app/codec.pb.go:1193.19,1195.6 1 0
github.com/iov-one/blog-tutorial/cmd/customd/app/codec.pb.go:1199.17,1200.11 1 0
github.com/iov-one/blog-tutorial/cmd/customd/app/codec.pb.go:1203.18,1205.5 1 0
github.com/iov-one/blog-tutorial/cmd/customd/app/codec.pb.go:1207.21,1209.5 1 0
github.com/iov-one/blog-tutorial/cmd/customd/app/codec.pb.go:1210.21,1212.5 1 0
github.com/iov-one/blog-tutorial/cmd/customd/app/codec.pb.go:1214.61,1216.5 1 0
github.com/iov-one/blog-tutorial/cmd/customd/app/codec.pb.go:1220.21,1222.5 1 0
github.com/iov-one/blog-tutorial/cmd/customd/app/codec.pb.go:1224.39,1225.20 1 0
github.com/iov-one/blog-tutorial/cmd/customd/app/codec.pb.go:1228.5,1228.19 1 0
github.com/iov-one/blog-tutorial/cmd/customd/app/codec.pb.go:1231.5,1234.17 4 0
github.com/iov-one/blog-tutorial/cmd/customd/app/codec.pb.go:1225.20,1227.6 1 0
github.com/iov-one/blog-tutorial/cmd/customd/app/codec.pb.go:1228.19,1230.6 1 0
github.com/iov-one/blog-tutorial/cmd/customd/app/codec.pb.go:1234.17,1235.11 1 0
github.com/iov-one/blog-tutorial/cmd/customd/app/codec.pb.go:1238.18,1240.5 1 0
github.com/iov-one/blog-tutorial/cmd/customd/app/codec.pb.go:1242.21,1244.5 1 0
github.com/iov-one/blog-tutorial/cmd/customd/app/codec.pb.go:1245.21,1247.5 1 0
github.com/iov-one/blog-tutorial/cmd/customd/app/codec.pb.go:1249.61,1251.5 1 0
github.com/iov-one/blog-tutorial/cmd/customd/app/codec.pb.go:1255.21,1257.5 1 0
github.com/iov-one/blog-tutorial/cmd/customd/app/codec.pb.go:1259.39,1260.20 1 0
github.com/iov-one/blog-tutorial/cmd/customd/app/codec.pb.go:1263.5,1263.19 1 0
github.com/iov-one/blog-tutorial/cmd/customd/app/codec.pb.go:1266.5,1269.17 4 0
github.com/iov-one/blog-tutorial/cmd/customd/app/codec.pb.go:1260.20,1262.6 1 0
github.com/iov-one/blog-tutorial/cmd/customd/app/codec.pb.go:1263.19,1265.6 1 0
github.com/iov-one/blog-tutorial/cmd/customd/app/codec.pb.go:1269.17,1270.11 1 0
github.com/iov-one/blog-tutorial/cmd/customd/app/codec.pb.go:1273.18,1275.5 1 0
github.com/iov-one/blog-tutorial/cmd/customd/app/codec.pb.go:1277.21,1279.5 1 0
github.com/iov-one/blog-tutorial/cmd/customd/app/codec.pb.go:1280.21,1282.5 1 0
github.com/iov-one/blog-tutorial/cmd/customd/app/codec.pb.go:1284.61,1286.5 1 0
github.com/iov-one/blog-tutorial/cmd/customd/app/codec.pb.go:1290.21,1292.5 1 0
github.com/iov-one/blog-tutorial/cmd/customd/app/codec.pb.go:1294.39,1295.20 1 0
github.com/iov-one/blog-tutorial/cmd/customd/app/codec.pb.go:1298.5,1298.19 1 0
github.com/iov-one/blog-tutorial/cmd/customd/app/codec.pb.go:1301.5,1304.17 4 0
github.com/iov-one/blog-tutorial/cmd/customd/app/codec.pb.go:1295.20,1297.6 1 0
github.com/iov-one/blog-tutorial/cmd/customd/app/codec.pb.go:1298.19,1300.6 1 0
github.com/iov-one/blog-tutorial/cmd/customd/app/codec.pb.go:1304.17,1305.11 1 0
github.com/iov-one/blog-tutorial/cmd/customd/app/codec.pb.go:1308.18,1310.5 1 0
github.com/iov-one/blog-tutorial/cmd/customd/app/codec.pb.go:1312.21,1314.5 1 0
github.com/iov-one/blog-tutorial/cmd/customd/app/codec.pb.go:1315.21,1317.5 1 0
github.com/iov-one/blog-tutorial/cmd/customd/app/codec.pb.go:1319.61,1321.5 1 0
github.com/iov-one/blog-tutorial/cmd/customd/app/codec.pb.go:1327.18,1329.5 1 0
github.com/iov-one/blog-tutorial/cmd/customd/app/codec.pb.go:1330.18,1332.5 1 0
github.com/iov-one/blog-tutorial/cmd/customd/app/codec.pb.go:1333.28,1335.5 1 0
github.com/iov-one/blog-tutorial/cmd/customd/app/codec.pb.go:1336.28,1338.5 1 0
github.com/iov-one/blog-tutorial/cmd/customd/app/codec.pb.go:1343.15,1345.3 1 0
github.com/iov-one/blog-tutorial/cmd/customd/app/codec.pb.go:1348.49,1351.16 3 0
github.com/iov-one/blog-tutorial/cmd/customd/app/codec.pb.go:1463.2,1463.15 1 0
github.com/iov-one/blog-tutorial/cmd/customd/app/codec.pb.go:1466.2,1466.12 1 0
github.com/iov-one/blog-tutorial/cmd/customd/app/codec.pb.go:1351.16,1354.38 3 0
github.com/iov-one/blog-tutorial/cmd/customd/app/codec.pb.go:1368.3,1370.20 3 0
github.com/iov-one/blog-tutorial/cmd/customd/app/codec.pb.go:1373.3,1373.20 1 0
github.com/iov-one/blog-tutorial/cmd/customd/app/codec.pb.go:1376.3,1376.19 1 0
github.com/iov-one/blog-tutorial/cmd/customd/app/codec.pb.go:1354.38,1355.19 1 0
github.com/iov-one/blog-tutorial/cmd/customd/app/codec.pb.go:1358.4,1358.18 1 0
github.com/iov-one/blog-tutorial/cmd/customd/app/codec.pb.go:1361.4,1364.16 4 0
github.com/iov-one/blog-tutorial/cmd/customd/app/codec.pb.go:1355.19,1357.5 1 0
github.com/iov-one/blog-tutorial/cmd/customd/app/codec.pb.go:1358.18,1360.5 1 0
github.com/iov-one/blog-tutorial/cmd/customd/app/codec.pb.go:1364.16,1365.10 1 0
github.com/iov-one/blog-tutorial/cmd/customd/app/codec.pb.go:1370.20,1372.4 1 0
github.com/iov-one/blog-tutorial/cmd/customd/app/codec.pb.go:1373.20,1375.4 1 0
github.com/iov-one/blog-tutorial/cmd/customd/app/codec.pb.go:1377.10,1378.21 1 0
github.com/iov-one/blog-tutorial/cmd/customd/app/codec.pb.go:1381.4,1382.39 2 0
github.com/iov-one/blog-tutorial/cmd/customd/app/codec.pb.go:1396.4,1396.19 1 0
github.com/iov-one/blog-tutorial/cmd/customd/app/codec.pb.go:1399.4,1400.21 2 0
github.com/iov-one/blog-tutorial/cmd/customd/app/codec.pb.go:1403.4,1403.21 1 0
github.com/iov-one/blog-tutorial/cmd/customd/app/codec.pb.go:1406.4,1408.21 3 0
github.com/iov-one/blog-tutorial/cmd/customd/app/codec.pb.go:1409.12,1410.21 1 0
github.com/iov-one/blog-tutorial/cmd/customd/app/codec.pb.go:1413.4,1414.39 2 0
github.com/iov-one/blog-tutorial/cmd/customd/app/codec.pb.go:1428.4,1428.18 1 0
github.com/iov-one/blog-tutorial/cmd/customd/app/codec.pb.go:1431.4,1432.21 2 0
github.com/iov-one/blog-tutorial/cmd/customd/app/codec.pb.go:1435.4,1435.21 1 0
github.com/iov-one/blog-tutorial/cmd/customd/app/codec.pb.go:1438.4,1439.61 2 0
github.com/iov-one/blog-tutorial/cmd/customd/app/codec.pb.go:1442.4,1443.21 2 0
github.com/iov-one/blog-tutorial/cmd/customd/app/codec.pb.go:1444.11,1447.18 3 0
github.com/iov-one/blog-tutorial/cmd/customd/app/codec.pb.go:1450.4,1450.18 1 0
github.com/iov-one/blog-tutorial/cmd/customd/app/codec.pb.go:1453.4,1453.28 1 0
github.com/iov-one/blog-tutorial/cmd/customd/app/codec.pb.go:1456.4,1456.28 1 0
github.com/iov-one/blog-tutorial/cmd/customd/app/codec.pb.go:1459.4,1459.19 1 0
github.com/iov-one/blog-tutorial/cmd/customd/app/codec.pb.go:1378.21,1380.5 1 0
github.com/iov-one/blog-tutorial/cmd/customd/app/codec.pb.go:1382.39,1383.20 1 0
github.com/iov-one/blog-tutorial/cmd/customd/app/codec.pb.go:1386.5,1386.19 1 0
github.com/iov-one/blog-tutorial/cmd/customd/app/codec.pb.go:1389.5,1392.17 4 0
github.com/iov-one/blog-tutorial/cmd/customd/app/codec.pb.go:1383.20,1385.6 1 0
github.com/iov-one/blog-tutorial/cmd/customd/app/codec.pb.go:1386.19,1388.6 1 0
github.com/iov-one/blog-tutorial/cmd/customd/app/codec.pb.go:1392.17,1393.11 1 0
github.com/iov-one/blog-tutorial/cmd/customd/app/codec.pb.go:1396.19,1398.5 1 0
github.com/iov-one/blog-tutorial/cmd/customd/app/codec.pb.go:1400.21,1402.5 1 0
github.com/iov-one/blog-tutorial/cmd/customd/app/codec.pb.go:1403.21,1405.5 1 0
github.com/iov-one/blog-tutorial/cmd/customd/app/codec.pb.go:1410.21,1412.5 1 0
github.com/iov-one/blog-tutorial/cmd/customd/app/codec.pb.go:1414.39,1415.20 1 0
github.com/iov-one/blog-tutorial/cmd/customd/app/codec.pb.go:1418.5,1418.19 1 0
github.com/iov-one/blog-tutorial/cmd/customd/app/codec.pb.go:1421.5,1424.17 4 0
github.com/iov-one/blog-tutorial/cmd/customd/app/codec.pb.go:1415.20,1417.6 1 0
github.com/iov-one/blog-tutorial/cmd/customd/app/codec.pb.go:1418.19,1420.6 1 0
github.com/iov-one/blog-tutorial/cmd/customd/app/codec.pb.go:1424.17,1425.11 1 0
github.com/iov-one/blog-tutorial/cmd/customd/app/codec.pb.go:1428.18,1430.5 1 0
github.com/iov-one/blog-tutorial/cmd/customd/app/codec.pb.go:1432.21,1434.5 1 0
github.com/iov-one/blog-tutorial/cmd/customd/app/codec.pb.go:1435.21,1437.5 1 0
github.com/iov-one/blog-tutorial/cmd/customd/app/codec.pb.go:1439.61,1441.5 1 0
github.com/iov-one/blog-tutorial/cmd/customd/app/codec.pb.go:1447.18,1449.5 1 0
github.com/iov-one/blog-tutorial/cmd/customd/app/codec.pb.go:1450.18,1452.5 1 0
github.com/iov-one/blog-tutorial/cmd/customd/app/codec.pb.go:1453.28,1455.5 1 0
github.com/iov-one/blog-tutorial/cmd/customd/app/codec.pb.go:1456.28,1458.5 1 0
github.com/iov-one/blog-tutorial/cmd/customd/app/codec.pb.go:1463.15,1465.3 1 0
github.com/iov-one/blog-tutorial/cmd/customd/app/codec.pb.go:1468.48,1471.16 3 0
github.com/iov-one/blog-tutorial/cmd/customd/app/codec.pb.go:1571.2,1571.22 1 0
github.com/iov-one/blog-tutorial/cmd/customd/app/codec.pb.go:1471.16,1473.38 2 0
github.com/iov-one/blog-tutorial/cmd/customd/app/codec.pb.go:1487.3,1488.19 2 0
github.com/iov-one/blog-tutorial/cmd/customd/app/codec.pb.go:1473.38,1474.19 1 0
github.com/iov-one/blog-tutorial/cmd/customd/app/codec.pb.go:1477.4,1477.18 1 0
github.com/iov-one/blog-tutorial/cmd/customd/app/codec.pb.go:1480.4,1483.16 4 0
github.com/iov-one/blog-tutorial/cmd/customd/app/codec.pb.go:1474.19,1476.5 1 0
github.com/iov-one/blog-tutorial/cmd/customd/app/codec.pb.go:1477.18,1479.5 1 0
github.com/iov-one/blog-tutorial/cmd/customd/app/codec.pb.go:1483.16,1484.10 1 0
github.com/iov-one/blog-tutorial/cmd/customd/app/codec.pb.go:1489.10,1490.39 1 0
github.com/iov-one/blog-tutorial/cmd/customd/app/codec.pb.go:1502.4,1502.21 1 0
github.com/iov-one/blog-tutorial/cmd/customd/app/codec.pb.go:1503.10,1505.21 2 0
github.com/iov-one/blog-tutorial/cmd/customd/app/codec.pb.go:1506.10,1508.39 2 0
github.com/iov-one/blog-tutorial/cmd/customd/app/codec.pb.go:1522.4,1522.18 1 0
github.com/iov-one/blog-tutorial/cmd/customd/app/codec.pb.go:1525.4,1526.17 2 0
github.com/iov-one/blog-tutorial/cmd/customd/app/codec.pb.go:1529.4,1529.21 1 0
github.com/iov-one/blog-tutorial/cmd/customd/app/codec.pb.go:1530.10,1531.8 1 0
github.com/iov-one/blog-tutorial/cmd/customd/app/codec.pb.go:1561.4,1561.21 1 0
github.com/iov-one/blog-tutorial/cmd/customd/app/codec.pb.go:1562.10,1563.21 1 0
github.com/iov-one/blog-tutorial/cmd/customd/app/codec.pb.go:1564.10,1566.21 2 0
github.com/iov-one/blog-tutorial/cmd/customd/app/codec.pb.go:1567.11,1568.64 1 0
github.com/iov-one/blog-tutorial/cmd/customd/app/codec.pb.go:1490.39,1491.20 1 0
github.com/iov-one/blog-tutorial/cmd/customd/app/codec.pb.go:1494.5,1494.19 1 0
github.com/iov-one/blog-tutorial/cmd/customd/app/codec.pb.go:1497.5,1498.29 2 0
github.com/iov-one/blog-tutorial/cmd/customd/app/codec.pb.go:1491.20,1493.6 1 0
github.com/iov-one/blog-tutorial/cmd/customd/app/codec.pb.go:1494.19,1496.6 1 0
github.com/iov-one/blog-tutorial/cmd/customd/app/codec.pb.go:1498.29,1499.11 1 0
github.com/iov-one/blog-tutorial/cmd/customd/app/codec.pb.go:1508.39,1509.20 1 0
github.com/iov-one/blog-tutorial/cmd/customd/app/codec.pb.go:1512.5,1512.19 1 0
github.com/iov-one/blog-tutorial/cmd/customd/app/codec.pb.go:1515.5,1518.17 4 0
github.com/iov-one/blog-tutorial/cmd/customd/app/codec.pb.go:1509.20,1511.6 1 0
github.com/iov-one/blog-tutorial/cmd/customd/app/codec.pb.go:1512.19,1514.6 1 0
github.com/iov-one/blog-tutorial/cmd/customd/app/codec.pb.go:1518.17,1519.11 1 0
github.com/iov-one/blog-tutorial/cmd/customd/app/codec.pb.go:1522.18,1524.5 1 0
github.com/iov-one/blog-tutorial/cmd/customd/app/codec.pb.go:1526.17,1528.5 1 0
github.com/iov-one/blog-tutorial/cmd/customd/app/codec.pb.go:1531.8,1534.40 3 0
github.com/iov-one/blog-tutorial/cmd/customd/app/codec.pb.go:1548.5,1549.27 2 0
github.com/iov-one/blog-tutorial/cmd/customd/app/codec.pb.go:1552.5,1553.19 2 0
github.com/iov-one/blog-tutorial/cmd/customd/app/codec.pb.go:1556.5,1557.18 2 0
github.com/iov-one/blog-tutorial/cmd/customd/app/codec.pb.go:1534.40,1535.21 1 0
github.com/iov-one/blog-tutorial/cmd/customd/app/codec.pb.go:1538.6,1538.20 1 0
github.com/iov-one/blog-tutorial/cmd/customd/app/codec.pb.go:1541.6,1544.18 4 0
github.com/iov-one/blog-tutorial/cmd/customd/app/codec.pb.go:1535.21,1537.7 1 0
github.com/iov-one/blog-tutorial/cmd/customd/app/codec.pb.go:1538.20,1540.7 1 0
github.com/iov-one/blog-tutorial/cmd/customd/app/codec.pb.go:1544.18,1545.12 1 0
github.com/iov-one/blog-tutorial/cmd/customd/app/codec.pb.go:1549.27,1550.11 1 0
github.com/iov-one/blog-tutorial/cmd/customd/app/codec.pb.go:1553.19,1555.6 1 0
github.com/iov-one/blog-tutorial/cmd/customd/app/codec.pb.go:1557.18,1559.6 1 0
github.com/iov-one/blog-tutorial/cmd/customd/client/helpers.go:8.50,10.16 2 1
github.com/iov-one/blog-tutorial/cmd/customd/client/helpers.go:13.2,13.23 1 1
github.com/iov-one/blog-tutorial/cmd/customd/client/helpers.go:10.16,12.3 1 0
github.com/iov-one/blog-tutorial/cmd/customd/app/examples.go:30.50,34.16 4 1
github.com/iov-one/blog-tutorial/cmd/customd/app/examples.go:37.2,37.43 1 1
github.com/iov-one/blog-tutorial/cmd/customd/app/examples.go:34.16,35.13 1 0
github.com/iov-one/blog-tutorial/cmd/customd/app/examples.go:41.36,72.16 11 0
github.com/iov-one/blog-tutorial/cmd/customd/app/examples.go:75.2,100.3 4 0
github.com/iov-one/blog-tutorial/cmd/customd/app/examples.go:72.16,73.13 1 0
github.com/iov-one/blog-tutorial/cmd/customd/app/tx.go:9.45,12.16 3 1
github.com/iov-one/blog-tutorial/cmd/customd/app/tx.go:15.2,15.16 1 1
github.com/iov-one/blog-tutorial/cmd/customd/app/tx.go:12.16,14.3 1 0
github.com/iov-one/blog-tutorial/cmd/customd/app/tx.go:23.43,25.2 1 1
github.com/iov-one/blog-tutorial/cmd/customd/app/tx.go:28.46,39.2 5 1
github.com/iov-one/blog-tutorial/cmd/customd/client/keys.go:18.41,20.2 1 1
github.com/iov-one/blog-tutorial/cmd/customd/client/keys.go:23.75,25.16 2 0
github.com/iov-one/blog-tutorial/cmd/customd/client/keys.go:28.2,28.21 1 0
github.com/iov-one/blog-tutorial/cmd/customd/client/keys.go:31.2,32.17 2 0
github.com/iov-one/blog-tutorial/cmd/customd/client/keys.go:25.16,27.3 1 0
github.com/iov-one/blog-tutorial/cmd/customd/client/keys.go:28.21,30.3 1 0
github.com/iov-one/blog-tutorial/cmd/customd/client/keys.go:37.66,39.16 2 1
github.com/iov-one/blog-tutorial/cmd/customd/client/keys.go:42.2,44.16 3 1
github.com/iov-one/blog-tutorial/cmd/customd/client/keys.go:47.2,47.18 1 1
github.com/iov-one/blog-tutorial/cmd/customd/client/keys.go:39.16,41.3 1 0
github.com/iov-one/blog-tutorial/cmd/customd/client/keys.go:44.16,46.3 1 1
github.com/iov-one/blog-tutorial/cmd/customd/client/keys.go:52.63,54.16 2 1
github.com/iov-one/blog-tutorial/cmd/customd/client/keys.go:57.2,57.38 1 1
github.com/iov-one/blog-tutorial/cmd/customd/client/keys.go:54.16,56.3 1 0
github.com/iov-one/blog-tutorial/cmd/customd/client/keys.go:62.66,64.16 2 1
github.com/iov-one/blog-tutorial/cmd/customd/client/keys.go:67.2,67.38 1 1
github.com/iov-one/blog-tutorial/cmd/customd/client/keys.go:64.16,66.3 1 0
github.com/iov-one/blog-tutorial/cmd/customd/client/keys.go:74.80,75.11 1 1
github.com/iov-one/blog-tutorial/cmd/customd/client/keys.go:87.2,87.58 1 1
github.com/iov-one/blog-tutorial/cmd/customd/client/keys.go:75.11,76.72 1 1
github.com/iov-one/blog-tutorial/cmd/customd/client/keys.go:80.3,81.17 2 1
github.com/iov-one/blog-tutorial/cmd/customd/client/keys.go:84.3,84.61 1 1
github.com/iov-one/blog-tutorial/cmd/customd/client/keys.go:76.72,78.4 1 0
github.com/iov-one/blog-tutorial/cmd/customd/client/keys.go:81.17,83.4 1 0
github.com/iov-one/blog-tutorial/cmd/customd/client/keys.go:92.69,94.16 2 1
github.com/iov-one/blog-tutorial/cmd/customd/client/keys.go:98.2,100.16 3 1
github.com/iov-one/blog-tutorial/cmd/customd/client/keys.go:104.2,105.33 2 1
github.com/iov-one/blog-tutorial/cmd/customd/client/keys.go:112.2,112.18 1 1
github.com/iov-one/blog-tutorial/cmd/customd/client/keys.go:94.16,96.3 1 0
github.com/iov-one/blog-tutorial/cmd/customd/client/keys.go:100.16,102.3 1 0
github.com/iov-one/blog-tutorial/cmd/customd/client/keys.go:105.33,107.17 2 1
github.com/iov-one/blog-tutorial/cmd/customd/client/keys.go:107.17,109.4 1 0
github.com/iov-one/blog-tutorial/cmd/customd/client/keys.go:120.84,121.11 1 1
github.com/iov-one/blog-tutorial/cmd/customd/client/keys.go:137.2,137.58 1 1
github.com/iov-one/blog-tutorial/cmd/customd/client/keys.go:121.11,124.26 3 1
github.com/iov-one/blog-tutorial/cmd/customd/client/keys.go:130.3,131.17 2 1
github.com/iov-one/blog-tutorial/cmd/customd/client/keys.go:134.3,134.51 1 1
github.com/iov-one/blog-tutorial/cmd/customd/client/keys.go:124.26,126.18 2 1
github.com/iov-one/blog-tutorial/cmd/customd/client/keys.go:126.18,128.5 1 0
github.com/iov-one/blog-tutorial/cmd/customd/client/keys.go:131.17,133.4 1 0
github.com/iov-one/blog-tutorial/cmd/customd/client/keys.go:142.77,144.25 2 1
github.com/iov-one/blog-tutorial/cmd/customd/client/keys.go:148.2,148.12 1 1
github.com/iov-one/blog-tutorial/cmd/customd/client/keys.go:144.25,147.3 2 1
github.com/iov-one/blog-tutorial/cmd/customd/client/keys.go:152.44,154.16 2 1
github.com/iov-one/blog-tutorial/cmd/customd/client/keys.go:157.2,157.18 1 1
github.com/iov-one/blog-tutorial/cmd/customd/client/keys.go:154.16,156.3 1 1
github.com/iov-one/blog-tutorial/cmd/customd/client/tx.go:20.96,32.2 1 1
github.com/iov-one/blog-tutorial/cmd/customd/client/tx.go:35.91,37.16 2 1
github.com/iov-one/blog-tutorial/cmd/customd/client/tx.go:40.2,41.12 2 1
github.com/iov-one/blog-tutorial/cmd/customd/client/tx.go:37.16,39.3 1 0
github.com/iov-one/blog-tutorial/cmd/customd/client/tx.go:45.54,48.16 3 1
github.com/iov-one/blog-tutorial/cmd/customd/client/tx.go:51.2,51.17 1 1
github.com/iov-one/blog-tutorial/cmd/customd/client/tx.go:48.16,50.3 1 0
github.com/iov-one/blog-tutorial/cmd/customd/client/tx.go:55.61,64.2 1 0
github.com/iov-one/blog-tutorial/cmd/customd/app/app.go:27.38,29.2 1 1
github.com/iov-one/blog-tutorial/cmd/customd/app/app.go:32.36,34.2 1 1
github.com/iov-one/blog-tutorial/cmd/customd/app/app.go:38.69,51.2 1 1
github.com/iov-one/blog-tutorial/cmd/customd/app/app.go:54.71,65.2 9 1
github.com/iov-one/blog-tutorial/cmd/customd/app/app.go:69.38,81.2 3 1
github.com/iov-one/blog-tutorial/cmd/customd/app/app.go:85.66,88.2 2 1
github.com/iov-one/blog-tutorial/cmd/customd/app/app.go:95.32,111.2 5 1
github.com/iov-one/blog-tutorial/cmd/customd/app/app.go:115.64,117.18 1 1
github.com/iov-one/blog-tutorial/cmd/customd/app/app.go:122.2,123.16 2 1
github.com/iov-one/blog-tutorial/cmd/customd/app/app.go:128.2,133.44 4 1
github.com/iov-one/blog-tutorial/cmd/customd/app/app.go:117.18,119.3 1 0
github.com/iov-one/blog-tutorial/cmd/customd/app/app.go:123.16,125.3 1 0
github.com/iov-one/blog-tutorial/cmd/customd/app/app.go:139.70,143.16 3 1
github.com/iov-one/blog-tutorial/cmd/customd/app/app.go:146.2,149.18 4 1
github.com/iov-one/blog-tutorial/cmd/customd/app/app.go:143.16,145.3 1 0
github.com/iov-one/blog-tutorial/cmd/customd/app/crontask.go:18.89,23.27 2 0
github.com/iov-one/blog-tutorial/cmd/customd/app/crontask.go:33.2,34.16 2 0
github.com/iov-one/blog-tutorial/cmd/customd/app/crontask.go:37.2,37.17 1 0
github.com/iov-one/blog-tutorial/cmd/customd/app/crontask.go:24.10,25.80 1 0
github.com/iov-one/blog-tutorial/cmd/customd/app/crontask.go:27.35,30.4 1 0
github.com/iov-one/blog-tutorial/cmd/customd/app/crontask.go:34.16,36.3 1 0
github.com/iov-one/blog-tutorial/cmd/customd/app/crontask.go:41.86,43.41 2 0
github.com/iov-one/blog-tutorial/cmd/customd/app/crontask.go:46.2,47.16 2 0
github.com/iov-one/blog-tutorial/cmd/customd/app/crontask.go:50.2,50.35 1 0
github.com/iov-one/blog-tutorial/cmd/customd/app/crontask.go:43.41,45.3 1 0
github.com/iov-one/blog-tutorial/cmd/customd/app/crontask.go:47.16,49.3 1 0
github.com/iov-one/blog-tutorial/cmd/customd/client/client.go:57.50,62.2 1 1
github.com/iov-one/blog-tutorial/cmd/customd/client/client.go:65.58,67.2 1 0
github.com/iov-one/blog-tutorial/cmd/customd/client/client.go:72.64,74.2 1 0
github.com/iov-one/blog-tutorial/cmd/customd/client/client.go:77.64,79.16 2 1
github.com/iov-one/blog-tutorial/cmd/customd/client/client.go:82.2,82.25 1 1
github.com/iov-one/blog-tutorial/cmd/customd/client/client.go:79.16,81.3 1 0
github.com/iov-one/blog-tutorial/cmd/customd/client/client.go:86.51,88.16 2 1
github.com/iov-one/blog-tutorial/cmd/customd/client/client.go:91.2,91.25 1 1
github.com/iov-one/blog-tutorial/cmd/customd/client/client.go:88.16,90.3 1 0
github.com/iov-one/blog-tutorial/cmd/customd/client/client.go:95.49,97.16 2 0
github.com/iov-one/blog-tutorial/cmd/customd/client/client.go:100.2,100.47 1 0
github.com/iov-one/blog-tutorial/cmd/customd/client/client.go:97.16,99.3 1 0
github.com/iov-one/blog-tutorial/cmd/customd/client/client.go:116.83,120.16 3 1
github.com/iov-one/blog-tutorial/cmd/customd/client/client.go:123.2,124.18 2 1
github.com/iov-one/blog-tutorial/cmd/customd/client/client.go:127.2,129.24 2 1
github.com/iov-one/blog-tutorial/cmd/customd/client/client.go:134.2,136.16 3 1
github.com/iov-one/blog-tutorial/cmd/customd/client/client.go:139.2,140.16 2 1
github.com/iov-one/blog-tutorial/cmd/customd/client/client.go:144.2,145.17 2 1
github.com/iov-one/blog-tutorial/cmd/customd/client/client.go:120.16,122.3 1 0
github.com/iov-one/blog-tutorial/cmd/customd/client/client.go:124.18,126.3 1 0
github.com/iov-one/blog-tutorial/cmd/customd/client/client.go:129.24,131.3 1 1
github.com/iov-one/blog-tutorial/cmd/customd/client/client.go:136.16,138.3 1 0
github.com/iov-one/blog-tutorial/cmd/customd/client/client.go:140.16,142.3 1 0
github.com/iov-one/blog-tutorial/cmd/customd/client/client.go:149.111,151.2 1 0
github.com/iov-one/blog-tutorial/cmd/customd/client/client.go:161.46,162.20 1 1
github.com/iov-one/blog-tutorial/cmd/customd/client/client.go:165.2,165.32 1 1
github.com/iov-one/blog-tutorial/cmd/customd/client/client.go:169.2,169.34 1 1
github.com/iov-one/blog-tutorial/cmd/customd/client/client.go:173.2,173.12 1 1
github.com/iov-one/blog-tutorial/cmd/customd/client/client.go:162.20,164.3 1 0
github.com/iov-one/blog-tutorial/cmd/customd/client/client.go:165.32,168.3 2 0
github.com/iov-one/blog-tutorial/cmd/customd/client/client.go:169.34,172.3 2 0
github.com/iov-one/blog-tutorial/cmd/customd/client/client.go:181.70,187.2 5 0
github.com/iov-one/blog-tutorial/cmd/customd/client/client.go:190.97,192.16 2 1
github.com/iov-one/blog-tutorial/cmd/customd/client/client.go:196.2,197.16 2 1
github.com/iov-one/blog-tutorial/cmd/customd/client/client.go:200.2,200.19 1 1
github.com/iov-one/blog-tutorial/cmd/customd/client/client.go:206.2,207.16 2 1
github.com/iov-one/blog-tutorial/cmd/customd/client/client.go:211.2,212.9 2 1
github.com/iov-one/blog-tutorial/cmd/customd/client/client.go:219.2,225.3 1 1
github.com/iov-one/blog-tutorial/cmd/customd/client/client.go:192.16,194.3 1 0
github.com/iov-one/blog-tutorial/cmd/customd/client/client.go:197.16,199.3 1 0
github.com/iov-one/blog-tutorial/cmd/customd/client/client.go:200.19,203.3 2 0
github.com/iov-one/blog-tutorial/cmd/customd/client/client.go:207.16,209.3 1 0
github.com/iov-one/blog-tutorial/cmd/customd/client/client.go:212.9,213.17 1 0
github.com/iov-one/blog-tutorial/cmd/customd/client/client.go:213.17,216.4 2 0
github.com/iov-one/blog-tutorial/cmd/customd/client/client.go:229.122,236.16 6 1
github.com/iov-one/blog-tutorial/cmd/customd/client/client.go:241.2,243.9 2 1
github.com/iov-one/blog-tutorial/cmd/customd/client/client.go:236.16,238.3 1 0
github.com/iov-one/blog-tutorial/cmd/customd/client/client.go:244.21,245.45 1 1
github.com/iov-one/blog-tutorial/cmd/customd/client/client.go:246.20,247.76 1 0
github.com/iov-one/blog-tutorial/cmd/customd/client/client.go:254.87,256.16 2 1
github.com/iov-one/blog-tutorial/cmd/customd/client/client.go:262.2,267.12 3 1
github.com/iov-one/blog-tutorial/cmd/customd/client/client.go:256.16,259.3 2 0
github.com/iov-one/blog-tutorial/cmd/customd/client/client.go:274.86,277.16 3 1
github.com/iov-one/blog-tutorial/cmd/customd/client/client.go:280.2,280.12 1 1
github.com/iov-one/blog-tutorial/cmd/customd/client/client.go:291.2,291.20 1 1
github.com/iov-one/blog-tutorial/cmd/customd/client/client.go:277.16,279.3 1 0
github.com/iov-one/blog-tutorial/cmd/customd/client/client.go:280.12,281.25 1 1
github.com/iov-one/blog-tutorial/cmd/customd/client/client.go:289.3,289.13 1 0
github.com/iov-one/blog-tutorial/cmd/customd/client/client.go:281.25,283.11 2 1
github.com/iov-one/blog-tutorial/cmd/customd/client/client.go:287.4,287.22 1 1
github.com/iov-one/blog-tutorial/cmd/customd/client/client.go:283.11,285.35 1 0
github.com/iov-one/blog-tutorial/cmd/customd/client/client.go:298.100,301.16 3 1
github.com/iov-one/blog-tutorial/cmd/customd/client/client.go:304.2,304.19 1 1
github.com/iov-one/blog-tutorial/cmd/customd/client/client.go:307.2,307.25 1 1
github.com/iov-one/blog-tutorial/cmd/customd/client/client.go:301.16,303.3 1 0
github.com/iov-one/blog-tutorial/cmd/customd/client/client.go:304.19,306.3 1 1
github.com/iov-one/blog-tutorial/cmd/customd/client/client.go:311.48,314.2 2 0
github.com/iov-one/blog-tutorial/cmd/customd/client/client.go:319.80,322.16 2 1
github.com/iov-one/blog-tutorial/cmd/customd/client/client.go:326.2,327.16 2 1
github.com/iov-one/blog-tutorial/cmd/customd/client/client.go:330.2,330.27 1 1
github.com/iov-one/blog-tutorial/cmd/customd/client/client.go:334.2,337.24 3 1
github.com/iov-one/blog-tutorial/cmd/customd/client/client.go:340.2,347.16 3 1
github.com/iov-one/blog-tutorial/cmd/customd/client/client.go:350.2,350.18 1 1
github.com/iov-one/blog-tutorial/cmd/customd/client/client.go:322.16,324.3 1 1
github.com/iov-one/blog-tutorial/cmd/customd/client/client.go:327.16,329.3 1 0
github.com/iov-one/blog-tutorial/cmd/customd/client/client.go:330.27,332.3 1 1
github.com/iov-one/blog-tutorial/cmd/customd/client/client.go:337.24,339.3 1 0
github.com/iov-one/blog-tutorial/cmd/customd/client/client.go:347.16,349.3 1 0
github.com/iov-one/blog-tutorial/cmd/customd/client/client.go:354.48,356.2 1 1
github.com/iov-one/blog-tutorial/cmd/customd/client/client.go:369.76,372.16 2 1
github.com/iov-one/blog-tutorial/cmd/customd/client/client.go:376.2,377.16 2 1
github.com/iov-one/blog-tutorial/cmd/customd/client/client.go:380.2,380.27 1 1
github.com/iov-one/blog-tutorial/cmd/customd/client/client.go:384.2,388.24 3 1
github.com/iov-one/blog-tutorial/cmd/customd/client/client.go:391.2,398.16 3 1
github.com/iov-one/blog-tutorial/cmd/customd/client/client.go:401.2,401.18 1 1
github.com/iov-one/blog-tutorial/cmd/customd/client/client.go:372.16,374.3 1 0
github.com/iov-one/blog-tutorial/cmd/customd/client/client.go:377.16,379.3 1 0
github.com/iov-one/blog-tutorial/cmd/customd/client/client.go:380.27,382.3 1 1
github.com/iov-one/blog-tutorial/cmd/customd/client/client.go:388.24,390.3 1 0
github.com/iov-one/blog-tutorial/cmd/customd/client/client.go:398.16,400.3 1 0
github.com/iov-one/blog-tutorial/cmd/customd/client/client.go:405.46,407.2 1 1
github.com/iov-one/blog-tutorial/cmd/customd/client/client.go:411.70,413.16 2 1
github.com/iov-one/blog-tutorial/cmd/customd/client/client.go:416.2,416.17 1 1
github.com/iov-one/blog-tutorial/cmd/customd/client/client.go:420.2,420.15 1 1
github.com/iov-one/blog-tutorial/cmd/customd/client/client.go:413.16,415.3 1 0
github.com/iov-one/blog-tutorial/cmd/customd/client/client.go:416.17,418.3 1 1
github.com/iov-one/blog-tutorial/cmd/customd/client/wallet.go:23.55,30.2 3 1
github.com/iov-one/blog-tutorial/cmd/customd/client/wallet.go:34.83,35.19 1 1
github.com/iov-one/blog-tutorial/cmd/customd/client/wallet.go:40.2,42.16 3 1
github.com/iov-one/blog-tutorial/cmd/customd/client/wallet.go:46.2,47.12 2 1
github.com/iov-one/blog-tutorial/cmd/customd/client/wallet.go:35.19,38.3 2 0
github.com/iov-one/blog-tutorial/cmd/customd/client/wallet.go:42.16,44.3 1 0
github.com/iov-one/blog-tutorial/cmd/customd/client/wallet.go:52.75,54.16 2 1
github.com/iov-one/blog-tutorial/cmd/customd/client/wallet.go:58.2,58.44 1 1
github.com/iov-one/blog-tutorial/cmd/customd/client/wallet.go:54.16,56.3 1 0
github.com/iov-one/blog-tutorial/cmd/customd/client/wallet.go:63.82,65.16 2 1
github.com/iov-one/blog-tutorial/cmd/customd/client/wallet.go:69.2,69.51 1 1
github.com/iov-one/blog-tutorial/cmd/customd/client/wallet.go:65.16,67.3 1 0
github.com/iov-one/blog-tutorial/cmd/customd/client/wallet.go:92.67,97.30 2 1
github.com/iov-one/blog-tutorial/cmd/customd/client/wallet.go:106.2,106.12 1 1
github.com/iov-one/blog-tutorial/cmd/customd/client/wallet.go:97.30,101.20 3 1
github.com/iov-one/blog-tutorial/cmd/customd/client/wallet.go:101.20,103.4 1 1
github.com/iov-one/blog-tutorial/cmd/customd/client/wallet.go:111.96,113.23 2 1
github.com/iov-one/blog-tutorial/cmd/customd/client/wallet.go:121.2,123.20 3 1
github.com/iov-one/blog-tutorial/cmd/customd/client/wallet.go:128.2,131.12 1 1
github.com/iov-one/blog-tutorial/cmd/customd/client/wallet.go:113.23,115.3 1 1
github.com/iov-one/blog-tutorial/cmd/customd/client/wallet.go:115.8,116.32 1 1
github.com/iov-one/blog-tutorial/cmd/customd/client/wallet.go:116.32,118.4 1 1
github.com/iov-one/blog-tutorial/cmd/customd/client/wallet.go:123.20,126.3 2 1
github.com/iov-one/blog-tutorial/cmd/customd/client/wallet.go:135.75,136.29 1 0
github.com/iov-one/blog-tutorial/cmd/customd/client/wallet.go:141.2,141.19 1 0
github.com/iov-one/blog-tutorial/cmd/customd/client/wallet.go:136.29,137.45 1 0
github.com/iov-one/blog-tutorial/cmd/customd/client/wallet.go:137.45,139.4 1 0
github.com/iov-one/blog-tutorial/cmd/customd/app/init.go:25.61,28.19 2 0
github.com/iov-one/blog-tutorial/cmd/customd/app/init.go:35.2,36.19 2 0
github.com/iov-one/blog-tutorial/cmd/customd/app/init.go:49.2,90.4 4 0
github.com/iov-one/blog-tutorial/cmd/customd/app/init.go:28.19,30.25 2 0
github.com/iov-one/blog-tutorial/cmd/customd/app/init.go:30.25,32.4 1 0
github.com/iov-one/blog-tutorial/cmd/customd/app/init.go:36.19,38.3 1 0
github.com/iov-one/blog-tutorial/cmd/customd/app/init.go:38.8,42.17 2 0
github.com/iov-one/blog-tutorial/cmd/customd/app/init.go:45.3,46.22 2 0
github.com/iov-one/blog-tutorial/cmd/customd/app/init.go:42.17,44.4 1 0
github.com/iov-one/blog-tutorial/cmd/customd/app/init.go:94.69,97.24 2 1
github.com/iov-one/blog-tutorial/cmd/customd/app/init.go:101.2,103.16 3 1
github.com/iov-one/blog-tutorial/cmd/customd/app/init.go:107.2,107.54 1 1
github.com/iov-one/blog-tutorial/cmd/customd/app/init.go:97.24,99.3 1 1
github.com/iov-one/blog-tutorial/cmd/customd/app/init.go:103.16,105.3 1 0
github.com/iov-one/blog-tutorial/cmd/customd/app/init.go:111.74,120.2 3 1
github.com/iov-one/blog-tutorial/cmd/customd/app/init.go:123.88,130.2 6 0
github.com/iov-one/blog-tutorial/cmd/customd/app/init.go:141.55,148.16 6 0
github.com/iov-one/blog-tutorial/cmd/customd/app/init.go:152.2,152.32 1 0
github.com/iov-one/blog-tutorial/cmd/customd/app/init.go:148.16,150.3 1 0
github.com/iov-one/blog-tutorial/cmd/customd/client/conn.go:20.54,23.2 1 1
github.com/iov-one/blog-tutorial/cmd/customd/client/conn.go:26.53,31.2 1 0
